#
# There is insufficient memory for the Java Runtime Environment to continue.
# Native memory allocation (malloc) failed to allocate 2300496 bytes for Chunk::new
# Possible reasons:
#   The system is out of physical RAM or swap space
#   The process is running with CompressedOops enabled, and the Java Heap may be blocking the growth of the native heap
# Possible solutions:
#   Reduce memory load on the system
#   Increase physical memory or swap space
#   Check if swap backing store is full
#   Decrease Java heap size (-Xmx/-Xms)
#   Decrease number of Java threads
#   Decrease Java thread stack sizes (-Xss)
#   Set larger code cache with -XX:ReservedCodeCacheSize=
#   JVM is running with Unscaled Compressed Oops mode in which the Java heap is
#     placed in the first 4GB address space. The Java Heap base address is the
#     maximum limit for the native heap growth. Please use -XX:HeapBaseMinAddress
#     to set the Java Heap base and to place the Java Heap above 4GB virtual address.
# This output file may be truncated or incomplete.
#
#  Out of Memory Error (./open/src/hotspot/share/memory/arena.cpp:197), pid=3272, tid=7600
#
# JRE version: Java(TM) SE Runtime Environment 18.9 (11.0.11+9) (build 11.0.11+9-LTS-194)
# Java VM: Java HotSpot(TM) 64-Bit Server VM 18.9 (11.0.11+9-LTS-194, mixed mode, tiered, compressed oops, g1 gc, windows-amd64)
# No core dump will be written. Minidumps are not enabled by default on client versions of Windows
#

---------------  S U M M A R Y ------------

Command Line: --add-opens=java.base/java.util=ALL-UNNAMED --add-opens=java.base/java.lang=ALL-UNNAMED --add-opens=java.base/java.lang.invoke=ALL-UNNAMED --add-opens=java.prefs/java.util.prefs=ALL-UNNAMED -XX:MaxMetaspaceSize=256m -XX:+HeapDumpOnOutOfMemoryError -Xms256m -Xmx512m -Dfile.encoding=windows-1252 -Duser.country=US -Duser.language=en -Duser.variant org.gradle.launcher.daemon.bootstrap.GradleDaemon 6.8

Host: Intel(R) Core(TM) i3-4005U CPU @ 1.70GHz, 4 cores, 3G,  Windows 10 , 64 bit Build 18362 (10.0.18362.329)
Time: Sun Jun 27 22:38:03 2021 India Standard Time elapsed time: 361.991246 seconds (0d 0h 6m 1s)

---------------  T H R E A D  ---------------

Current thread (0x000001e2b8305000):  JavaThread "C2 CompilerThread0" daemon [_thread_in_native, id=7600, stack(0x00000009be500000,0x00000009be600000)]


Current CompileTask:
C2: 361991 8150       4       groovy.lang.MetaClassImpl::addMetaMethodToIndex (65 bytes)

Stack: [0x00000009be500000,0x00000009be600000]
Native frames: (J=compiled Java code, j=interpreted, Vv=VM code, C=native code)
V  [jvm.dll+0x616f2a]
V  [jvm.dll+0x74de7f]
V  [jvm.dll+0x74f505]
V  [jvm.dll+0x74fb83]
V  [jvm.dll+0x2436d8]
V  [jvm.dll+0xba68c]
V  [jvm.dll+0xbad8c]
V  [jvm.dll+0x346272]
V  [jvm.dll+0x3140c3]
V  [jvm.dll+0x31340a]
V  [jvm.dll+0x1fd045]
V  [jvm.dll+0x1fc22f]
V  [jvm.dll+0x17f0bc]
V  [jvm.dll+0x20b68c]
V  [jvm.dll+0x20978b]
V  [jvm.dll+0x7152c9]
V  [jvm.dll+0x70dfc4]
V  [jvm.dll+0x6160f6]
C  [ucrtbase.dll+0x20e72]
C  [KERNEL32.DLL+0x17bd4]
C  [ntdll.dll+0x6ced1]


---------------  P R O C E S S  ---------------

Threads class SMR info:
_java_thread_list=0x000001e2be7d6840, length=38, elements={
0x000001e29ccd9000, 0x000001e2b7991800, 0x000001e2b799c800, 0x000001e2b79ae800,
0x000001e2b8303000, 0x000001e2b8305000, 0x000001e2b830f800, 0x000001e2b8312800,
0x000001e2b8458800, 0x000001e2b8491800, 0x000001e2b8d7e800, 0x000001e2b9a2a800,
0x000001e2ba062000, 0x000001e2b92dc000, 0x000001e2b92dd000, 0x000001e2b92df000,
0x000001e2b92db000, 0x000001e2ba954800, 0x000001e2ba959800, 0x000001e2ba95f800,
0x000001e2ba955800, 0x000001e2ba959000, 0x000001e2ba960000, 0x000001e2bb10b800,
0x000001e2bb10f800, 0x000001e2bb10e800, 0x000001e2bb10c000, 0x000001e2bb105800,
0x000001e2bb108000, 0x000001e2bb107000, 0x000001e2bb109000, 0x000001e2bb109800,
0x000001e2bb10a800, 0x000001e2bb106800, 0x000001e2bb114800, 0x000001e2ba954000,
0x000001e2ba95a800, 0x000001e2ba95b000
}

Java Threads: ( => current thread )
  0x000001e29ccd9000 JavaThread "main" [_thread_blocked, id=7860, stack(0x00000009bda00000,0x00000009bdb00000)]
  0x000001e2b7991800 JavaThread "Reference Handler" daemon [_thread_blocked, id=6816, stack(0x00000009be100000,0x00000009be200000)]
  0x000001e2b799c800 JavaThread "Finalizer" daemon [_thread_blocked, id=6848, stack(0x00000009be200000,0x00000009be300000)]
  0x000001e2b79ae800 JavaThread "Signal Dispatcher" daemon [_thread_blocked, id=8720, stack(0x00000009be300000,0x00000009be400000)]
  0x000001e2b8303000 JavaThread "Attach Listener" daemon [_thread_blocked, id=2140, stack(0x00000009be400000,0x00000009be500000)]
=>0x000001e2b8305000 JavaThread "C2 CompilerThread0" daemon [_thread_in_native, id=7600, stack(0x00000009be500000,0x00000009be600000)]
  0x000001e2b830f800 JavaThread "C1 CompilerThread0" daemon [_thread_blocked, id=3176, stack(0x00000009be600000,0x00000009be700000)]
  0x000001e2b8312800 JavaThread "Sweeper thread" daemon [_thread_blocked, id=6944, stack(0x00000009be700000,0x00000009be800000)]
  0x000001e2b8458800 JavaThread "Common-Cleaner" daemon [_thread_blocked, id=7528, stack(0x00000009be800000,0x00000009be900000)]
  0x000001e2b8491800 JavaThread "Service Thread" daemon [_thread_blocked, id=6172, stack(0x00000009be900000,0x00000009bea00000)]
  0x000001e2b8d7e800 JavaThread "Daemon health stats" [_thread_blocked, id=9832, stack(0x00000009bee00000,0x00000009bef00000)]
  0x000001e2b9a2a800 JavaThread "Incoming local TCP Connector on port 58445" [_thread_in_native, id=10136, stack(0x00000009bf100000,0x00000009bf200000)]
  0x000001e2ba062000 JavaThread "Daemon periodic checks" [_thread_blocked, id=9648, stack(0x00000009bf200000,0x00000009bf300000)]
  0x000001e2b92dc000 JavaThread "Cache worker for file hash cache (C:\Users\Shweta\.gradle\caches\6.8\fileHashes)" [_thread_blocked, id=5012, stack(0x00000009bfa00000,0x00000009bfb00000)]
  0x000001e2b92dd000 JavaThread "File lock request listener" [_thread_in_native, id=5920, stack(0x00000009bfb00000,0x00000009bfc00000)]
  0x000001e2b92df000 JavaThread "Cache worker for journal cache (C:\Users\Shweta\.gradle\caches\journal-1)" [_thread_blocked, id=8524, stack(0x00000009bfc00000,0x00000009bfd00000)]
  0x000001e2b92db000 JavaThread "Cache worker for execution history cache (C:\Users\Shweta\.gradle\caches\6.8\executionHistory)" [_thread_blocked, id=2456, stack(0x00000009c0100000,0x00000009c0200000)]
  0x000001e2ba954800 JavaThread "Cache worker for file content cache (C:\Users\Shweta\.gradle\caches\6.8\fileContent)" [_thread_blocked, id=5704, stack(0x00000009c0300000,0x00000009c0400000)]
  0x000001e2ba959800 JavaThread "Memory manager" [_thread_blocked, id=8908, stack(0x00000009c0500000,0x00000009c0600000)]
  0x000001e2ba95f800 JavaThread "Cache worker for Java compile cache (C:\Users\Shweta\.gradle\caches\6.8\javaCompile)" [_thread_blocked, id=5312, stack(0x00000009c0e00000,0x00000009c0f00000)]
  0x000001e2ba955800 JavaThread "Daemon Thread 3" [_thread_blocked, id=9928, stack(0x00000009bd700000,0x00000009bd800000)]
  0x000001e2ba959000 JavaThread "Daemon worker Thread 3" [_thread_in_native, id=7896, stack(0x00000009bef00000,0x00000009bf000000)]
  0x000001e2ba960000 JavaThread "jar transforms Thread 3" [_thread_blocked, id=9784, stack(0x00000009bf900000,0x00000009bfa00000)]
  0x000001e2bb10b800 JavaThread "Exec process Thread 5" [_thread_blocked, id=8024, stack(0x00000009c0c00000,0x00000009c0d00000)]
  0x000001e2bb10f800 JavaThread "Exec process Thread 6" [_thread_blocked, id=7952, stack(0x00000009c0f00000,0x00000009c1000000)]
  0x000001e2bb10e800 JavaThread "Exec process Thread 7" [_thread_blocked, id=2268, stack(0x00000009c1000000,0x00000009c1100000)]
  0x000001e2bb10c000 JavaThread "Exec process Thread 8" [_thread_blocked, id=9564, stack(0x00000009c1100000,0x00000009c1200000)]
  0x000001e2bb105800 JavaThread "Handler for socket connection from /127.0.0.1:58445 to /127.0.0.1:58312" [_thread_in_native, id=1472, stack(0x00000009bd800000,0x00000009bd900000)]
  0x000001e2bb108000 JavaThread "Cancel handler" [_thread_blocked, id=7504, stack(0x00000009bd900000,0x00000009bda00000)]
  0x000001e2bb107000 JavaThread "Asynchronous log dispatcher for DefaultDaemonConnection: socket connection from /127.0.0.1:58445 to /127.0.0.1:58312" [_thread_blocked, id=2172, stack(0x00000009bf000000,0x00000009bf100000)]
  0x000001e2bb109000 JavaThread "Stdin handler" [_thread_blocked, id=9596, stack(0x00000009bf300000,0x00000009bf400000)]
  0x000001e2bb109800 JavaThread "Daemon client event forwarder" [_thread_blocked, id=4716, stack(0x00000009bf400000,0x00000009bf500000)]
  0x000001e2bb10a800 JavaThread "Cache worker for file hash cache (C:\Users\Shweta\IdeaProjects\IndianCensusAnalyser\.gradle\6.8\fileHashes)" [_thread_blocked, id=7924, stack(0x00000009bf500000,0x00000009bf600000)]
  0x000001e2bb106800 JavaThread "Cache worker for checksums cache (C:\Users\Shweta\IdeaProjects\IndianCensusAnalyser\.gradle\checksums)" [_thread_blocked, id=8708, stack(0x00000009bf600000,0x00000009bf700000)]
  0x000001e2bb114800 JavaThread "Build operations" [_thread_blocked, id=10012, stack(0x00000009c0400000,0x00000009c0500000)]
  0x000001e2ba954000 JavaThread "Build operations Thread 2" [_thread_blocked, id=3132, stack(0x00000009c0600000,0x00000009c0700000)]
  0x000001e2ba95a800 JavaThread "Build operations Thread 3" [_thread_blocked, id=8860, stack(0x00000009c0700000,0x00000009c0800000)]
  0x000001e2ba95b000 JavaThread "Build operations Thread 4" [_thread_blocked, id=6356, stack(0x00000009c0800000,0x00000009c0900000)]

Other Threads:
  0x000001e2b7969800 VMThread "VM Thread" [stack: 0x00000009be000000,0x00000009be100000] [id=6480]
  0x000001e2b8492800 WatcherThread [stack: 0x00000009bea00000,0x00000009beb00000] [id=1020]
  0x000001e29ccef800 GCTaskThread "GC Thread#0" [stack: 0x00000009bdb00000,0x00000009bdc00000] [id=7280]
  0x000001e2b8bde800 GCTaskThread "GC Thread#1" [stack: 0x00000009beb00000,0x00000009bec00000] [id=708]
  0x000001e2b8bdf000 GCTaskThread "GC Thread#2" [stack: 0x00000009bec00000,0x00000009bed00000] [id=8520]
  0x000001e2b8be2000 GCTaskThread "GC Thread#3" [stack: 0x00000009bed00000,0x00000009bee00000] [id=8212]
  0x000001e29cd01000 ConcurrentGCThread "G1 Main Marker" [stack: 0x00000009bdc00000,0x00000009bdd00000] [id=7844]
  0x000001e29cd04800 ConcurrentGCThread "G1 Conc#0" [stack: 0x00000009bdd00000,0x00000009bde00000] [id=1504]
  0x000001e2b7806800 ConcurrentGCThread "G1 Refine#0" [stack: 0x00000009bde00000,0x00000009bdf00000] [id=9064]
  0x000001e2b7807800 ConcurrentGCThread "G1 Young RemSet Sampling" [stack: 0x00000009bdf00000,0x00000009be000000] [id=9224]

Threads with active compile tasks:
C2 CompilerThread0 362056 8150       4       groovy.lang.MetaClassImpl::addMetaMethodToIndex (65 bytes)

VM state:not at safepoint (normal execution)

VM Mutex/Monitor currently owned by a thread: None

Heap address: 0x00000000e0000000, size: 512 MB, Compressed Oops mode: 32-bit
Narrow klass base: 0x0000000000000000, Narrow klass shift: 3
Compressed class space size: 260046848 Address: 0x0000000100000000

Heap:
 garbage-first heap   total 262144K, used 106192K [0x00000000e0000000, 0x0000000100000000)
  region size 1024K, 79 young (80896K), 14 survivors (14336K)
 Metaspace       used 70217K, capacity 72739K, committed 72912K, reserved 317440K
  class space    used 8976K, capacity 9908K, committed 9984K, reserved 253952K
Heap Regions: E=young(eden), S=young(survivor), O=old, HS=humongous(starts), HC=humongous(continues), CS=collection set, F=free, A=archive, TAMS=top-at-mark-start (previous, next)
|   0|0x00000000e0000000, 0x00000000e0100000, 0x00000000e0100000|100%| O|  |TAMS 0x00000000e0100000, 0x00000000e0000000| Untracked 
|   1|0x00000000e0100000, 0x00000000e0200000, 0x00000000e0200000|100%| O|  |TAMS 0x00000000e0200000, 0x00000000e0100000| Untracked 
|   2|0x00000000e0200000, 0x00000000e0300000, 0x00000000e0300000|100%| O|  |TAMS 0x00000000e0300000, 0x00000000e0200000| Untracked 
|   3|0x00000000e0300000, 0x00000000e0400000, 0x00000000e0400000|100%|HS|  |TAMS 0x00000000e0400000, 0x00000000e0300000| Complete 
|   4|0x00000000e0400000, 0x00000000e0500000, 0x00000000e0500000|100%|HC|  |TAMS 0x00000000e0500000, 0x00000000e0400000| Complete 
|   5|0x00000000e0500000, 0x00000000e0600000, 0x00000000e0600000|100%|HC|  |TAMS 0x00000000e0600000, 0x00000000e0500000| Complete 
|   6|0x00000000e0600000, 0x00000000e0700000, 0x00000000e0700000|100%| O|  |TAMS 0x00000000e0700000, 0x00000000e0600000| Untracked 
|   7|0x00000000e0700000, 0x00000000e0800000, 0x00000000e0800000|100%| O|  |TAMS 0x00000000e0800000, 0x00000000e0700000| Untracked 
|   8|0x00000000e0800000, 0x00000000e0900000, 0x00000000e0900000|100%| O|  |TAMS 0x00000000e0900000, 0x00000000e0800000| Untracked 
|   9|0x00000000e0900000, 0x00000000e0a00000, 0x00000000e0a00000|100%| O|  |TAMS 0x00000000e0a00000, 0x00000000e0900000| Untracked 
|  10|0x00000000e0a00000, 0x00000000e0b00000, 0x00000000e0b00000|100%| O|  |TAMS 0x00000000e0b00000, 0x00000000e0a00000| Untracked 
|  11|0x00000000e0b00000, 0x00000000e0c00000, 0x00000000e0c00000|100%| O|  |TAMS 0x00000000e0c00000, 0x00000000e0b00000| Untracked 
|  12|0x00000000e0c00000, 0x00000000e0d00000, 0x00000000e0d00000|100%| O|  |TAMS 0x00000000e0d00000, 0x00000000e0c00000| Untracked 
|  13|0x00000000e0d00000, 0x00000000e0e00000, 0x00000000e0e00000|100%| O|  |TAMS 0x00000000e0e00000, 0x00000000e0d00000| Untracked 
|  14|0x00000000e0e00000, 0x00000000e0f00000, 0x00000000e0f00000|100%| O|  |TAMS 0x00000000e0f00000, 0x00000000e0e00000| Untracked 
|  15|0x00000000e0f00000, 0x00000000e1000000, 0x00000000e1000000|100%| O|  |TAMS 0x00000000e1000000, 0x00000000e0f00000| Untracked 
|  16|0x00000000e1000000, 0x00000000e1100000, 0x00000000e1100000|100%| O|  |TAMS 0x00000000e1100000, 0x00000000e1000000| Untracked 
|  17|0x00000000e1100000, 0x00000000e1200000, 0x00000000e1200000|100%| O|  |TAMS 0x00000000e1200000, 0x00000000e1100000| Untracked 
|  18|0x00000000e1200000, 0x00000000e1300000, 0x00000000e1300000|100%| O|  |TAMS 0x00000000e1300000, 0x00000000e1200000| Untracked 
|  19|0x00000000e1300000, 0x00000000e1400000, 0x00000000e1400000|100%| O|  |TAMS 0x00000000e1400000, 0x00000000e1300000| Untracked 
|  20|0x00000000e1400000, 0x00000000e1500000, 0x00000000e1500000|100%| O|  |TAMS 0x00000000e14b0a00, 0x00000000e1400000| Untracked 
|  21|0x00000000e1500000, 0x00000000e1600000, 0x00000000e1600000|100%| O|  |TAMS 0x00000000e1500000, 0x00000000e1500000| Untracked 
|  22|0x00000000e1600000, 0x00000000e1700000, 0x00000000e1700000|100%| O|  |TAMS 0x00000000e1600000, 0x00000000e1600000| Untracked 
|  23|0x00000000e1700000, 0x00000000e1800000, 0x00000000e1800000|100%| O|  |TAMS 0x00000000e1700000, 0x00000000e1700000| Untracked 
|  24|0x00000000e1800000, 0x00000000e1900000, 0x00000000e1900000|100%| O|  |TAMS 0x00000000e1800000, 0x00000000e1800000| Untracked 
|  25|0x00000000e1900000, 0x00000000e1a00000, 0x00000000e1a00000|100%| O|  |TAMS 0x00000000e1900000, 0x00000000e1900000| Untracked 
|  26|0x00000000e1a00000, 0x00000000e1a34200, 0x00000000e1b00000| 20%| O|  |TAMS 0x00000000e1a00000, 0x00000000e1a00000| Untracked 
|  27|0x00000000e1b00000, 0x00000000e1b00000, 0x00000000e1c00000|  0%| F|  |TAMS 0x00000000e1b00000, 0x00000000e1b00000| Untracked 
|  28|0x00000000e1c00000, 0x00000000e1c00000, 0x00000000e1d00000|  0%| F|  |TAMS 0x00000000e1c00000, 0x00000000e1c00000| Untracked 
|  29|0x00000000e1d00000, 0x00000000e1d00000, 0x00000000e1e00000|  0%| F|  |TAMS 0x00000000e1d00000, 0x00000000e1d00000| Untracked 
|  30|0x00000000e1e00000, 0x00000000e1e00000, 0x00000000e1f00000|  0%| F|  |TAMS 0x00000000e1e00000, 0x00000000e1e00000| Untracked 
|  31|0x00000000e1f00000, 0x00000000e1f00000, 0x00000000e2000000|  0%| F|  |TAMS 0x00000000e1f00000, 0x00000000e1f00000| Untracked 
|  32|0x00000000e2000000, 0x00000000e2000000, 0x00000000e2100000|  0%| F|  |TAMS 0x00000000e2000000, 0x00000000e2000000| Untracked 
|  33|0x00000000e2100000, 0x00000000e2100000, 0x00000000e2200000|  0%| F|  |TAMS 0x00000000e2100000, 0x00000000e2100000| Untracked 
|  34|0x00000000e2200000, 0x00000000e2200000, 0x00000000e2300000|  0%| F|  |TAMS 0x00000000e2200000, 0x00000000e2200000| Untracked 
|  35|0x00000000e2300000, 0x00000000e2300000, 0x00000000e2400000|  0%| F|  |TAMS 0x00000000e2300000, 0x00000000e2300000| Untracked 
|  36|0x00000000e2400000, 0x00000000e2400000, 0x00000000e2500000|  0%| F|  |TAMS 0x00000000e2400000, 0x00000000e2400000| Untracked 
|  37|0x00000000e2500000, 0x00000000e2500000, 0x00000000e2600000|  0%| F|  |TAMS 0x00000000e2500000, 0x00000000e2500000| Untracked 
|  38|0x00000000e2600000, 0x00000000e2600000, 0x00000000e2700000|  0%| F|  |TAMS 0x00000000e2600000, 0x00000000e2600000| Untracked 
|  39|0x00000000e2700000, 0x00000000e2700000, 0x00000000e2800000|  0%| F|  |TAMS 0x00000000e2700000, 0x00000000e2700000| Untracked 
|  40|0x00000000e2800000, 0x00000000e2800000, 0x00000000e2900000|  0%| F|  |TAMS 0x00000000e2800000, 0x00000000e2800000| Untracked 
|  41|0x00000000e2900000, 0x00000000e2900000, 0x00000000e2a00000|  0%| F|  |TAMS 0x00000000e2900000, 0x00000000e2900000| Untracked 
|  42|0x00000000e2a00000, 0x00000000e2a00000, 0x00000000e2b00000|  0%| F|  |TAMS 0x00000000e2a00000, 0x00000000e2a00000| Untracked 
|  43|0x00000000e2b00000, 0x00000000e2b00000, 0x00000000e2c00000|  0%| F|  |TAMS 0x00000000e2b00000, 0x00000000e2b00000| Untracked 
|  44|0x00000000e2c00000, 0x00000000e2c00000, 0x00000000e2d00000|  0%| F|  |TAMS 0x00000000e2c00000, 0x00000000e2c00000| Untracked 
|  45|0x00000000e2d00000, 0x00000000e2d00000, 0x00000000e2e00000|  0%| F|  |TAMS 0x00000000e2d00000, 0x00000000e2d00000| Untracked 
|  46|0x00000000e2e00000, 0x00000000e2e00000, 0x00000000e2f00000|  0%| F|  |TAMS 0x00000000e2e00000, 0x00000000e2e00000| Untracked 
|  47|0x00000000e2f00000, 0x00000000e2f00000, 0x00000000e3000000|  0%| F|  |TAMS 0x00000000e2f00000, 0x00000000e2f00000| Untracked 
|  48|0x00000000e3000000, 0x00000000e3000000, 0x00000000e3100000|  0%| F|  |TAMS 0x00000000e3000000, 0x00000000e3000000| Untracked 
|  49|0x00000000e3100000, 0x00000000e3100000, 0x00000000e3200000|  0%| F|  |TAMS 0x00000000e3100000, 0x00000000e3100000| Untracked 
|  50|0x00000000e3200000, 0x00000000e3200000, 0x00000000e3300000|  0%| F|  |TAMS 0x00000000e3200000, 0x00000000e3200000| Untracked 
|  51|0x00000000e3300000, 0x00000000e3300000, 0x00000000e3400000|  0%| F|  |TAMS 0x00000000e3300000, 0x00000000e3300000| Untracked 
|  52|0x00000000e3400000, 0x00000000e3400000, 0x00000000e3500000|  0%| F|  |TAMS 0x00000000e3400000, 0x00000000e3400000| Untracked 
|  53|0x00000000e3500000, 0x00000000e3500000, 0x00000000e3600000|  0%| F|  |TAMS 0x00000000e3500000, 0x00000000e3500000| Untracked 
|  54|0x00000000e3600000, 0x00000000e3600000, 0x00000000e3700000|  0%| F|  |TAMS 0x00000000e3600000, 0x00000000e3600000| Untracked 
|  55|0x00000000e3700000, 0x00000000e3700000, 0x00000000e3800000|  0%| F|  |TAMS 0x00000000e3700000, 0x00000000e3700000| Untracked 
|  56|0x00000000e3800000, 0x00000000e3800000, 0x00000000e3900000|  0%| F|  |TAMS 0x00000000e3800000, 0x00000000e3800000| Untracked 
|  57|0x00000000e3900000, 0x00000000e3900000, 0x00000000e3a00000|  0%| F|  |TAMS 0x00000000e3900000, 0x00000000e3900000| Untracked 
|  58|0x00000000e3a00000, 0x00000000e3a00000, 0x00000000e3b00000|  0%| F|  |TAMS 0x00000000e3a00000, 0x00000000e3a00000| Untracked 
|  59|0x00000000e3b00000, 0x00000000e3b00000, 0x00000000e3c00000|  0%| F|  |TAMS 0x00000000e3b00000, 0x00000000e3b00000| Untracked 
|  60|0x00000000e3c00000, 0x00000000e3c00000, 0x00000000e3d00000|  0%| F|  |TAMS 0x00000000e3c00000, 0x00000000e3c00000| Untracked 
|  61|0x00000000e3d00000, 0x00000000e3d00000, 0x00000000e3e00000|  0%| F|  |TAMS 0x00000000e3d00000, 0x00000000e3d00000| Untracked 
|  62|0x00000000e3e00000, 0x00000000e3e00000, 0x00000000e3f00000|  0%| F|  |TAMS 0x00000000e3e00000, 0x00000000e3e00000| Untracked 
|  63|0x00000000e3f00000, 0x00000000e3f00000, 0x00000000e4000000|  0%| F|  |TAMS 0x00000000e3f00000, 0x00000000e3f00000| Untracked 
|  64|0x00000000e4000000, 0x00000000e4000000, 0x00000000e4100000|  0%| F|  |TAMS 0x00000000e4000000, 0x00000000e4000000| Untracked 
|  65|0x00000000e4100000, 0x00000000e4100000, 0x00000000e4200000|  0%| F|  |TAMS 0x00000000e4100000, 0x00000000e4100000| Untracked 
|  66|0x00000000e4200000, 0x00000000e4200000, 0x00000000e4300000|  0%| F|  |TAMS 0x00000000e4200000, 0x00000000e4200000| Untracked 
|  67|0x00000000e4300000, 0x00000000e4300000, 0x00000000e4400000|  0%| F|  |TAMS 0x00000000e4300000, 0x00000000e4300000| Untracked 
|  68|0x00000000e4400000, 0x00000000e4400000, 0x00000000e4500000|  0%| F|  |TAMS 0x00000000e4400000, 0x00000000e4400000| Untracked 
|  69|0x00000000e4500000, 0x00000000e4500000, 0x00000000e4600000|  0%| F|  |TAMS 0x00000000e4500000, 0x00000000e4500000| Untracked 
|  70|0x00000000e4600000, 0x00000000e4600000, 0x00000000e4700000|  0%| F|  |TAMS 0x00000000e4600000, 0x00000000e4600000| Untracked 
|  71|0x00000000e4700000, 0x00000000e4700000, 0x00000000e4800000|  0%| F|  |TAMS 0x00000000e4700000, 0x00000000e4700000| Untracked 
|  72|0x00000000e4800000, 0x00000000e4800000, 0x00000000e4900000|  0%| F|  |TAMS 0x00000000e4800000, 0x00000000e4800000| Untracked 
|  73|0x00000000e4900000, 0x00000000e4900000, 0x00000000e4a00000|  0%| F|  |TAMS 0x00000000e4900000, 0x00000000e4900000| Untracked 
|  74|0x00000000e4a00000, 0x00000000e4a00000, 0x00000000e4b00000|  0%| F|  |TAMS 0x00000000e4a00000, 0x00000000e4a00000| Untracked 
|  75|0x00000000e4b00000, 0x00000000e4b00000, 0x00000000e4c00000|  0%| F|  |TAMS 0x00000000e4b00000, 0x00000000e4b00000| Untracked 
|  76|0x00000000e4c00000, 0x00000000e4c00000, 0x00000000e4d00000|  0%| F|  |TAMS 0x00000000e4c00000, 0x00000000e4c00000| Untracked 
|  77|0x00000000e4d00000, 0x00000000e4d00000, 0x00000000e4e00000|  0%| F|  |TAMS 0x00000000e4d00000, 0x00000000e4d00000| Untracked 
|  78|0x00000000e4e00000, 0x00000000e4e00000, 0x00000000e4f00000|  0%| F|  |TAMS 0x00000000e4e00000, 0x00000000e4e00000| Untracked 
|  79|0x00000000e4f00000, 0x00000000e4f00000, 0x00000000e5000000|  0%| F|  |TAMS 0x00000000e4f00000, 0x00000000e4f00000| Untracked 
|  80|0x00000000e5000000, 0x00000000e5000000, 0x00000000e5100000|  0%| F|  |TAMS 0x00000000e5000000, 0x00000000e5000000| Untracked 
|  81|0x00000000e5100000, 0x00000000e5100000, 0x00000000e5200000|  0%| F|  |TAMS 0x00000000e5100000, 0x00000000e5100000| Untracked 
|  82|0x00000000e5200000, 0x00000000e5200000, 0x00000000e5300000|  0%| F|  |TAMS 0x00000000e5200000, 0x00000000e5200000| Untracked 
|  83|0x00000000e5300000, 0x00000000e5300000, 0x00000000e5400000|  0%| F|  |TAMS 0x00000000e5300000, 0x00000000e5300000| Untracked 
|  84|0x00000000e5400000, 0x00000000e5400000, 0x00000000e5500000|  0%| F|  |TAMS 0x00000000e5400000, 0x00000000e5400000| Untracked 
|  85|0x00000000e5500000, 0x00000000e5500000, 0x00000000e5600000|  0%| F|  |TAMS 0x00000000e5500000, 0x00000000e5500000| Untracked 
|  86|0x00000000e5600000, 0x00000000e5600000, 0x00000000e5700000|  0%| F|  |TAMS 0x00000000e5600000, 0x00000000e5600000| Untracked 
|  87|0x00000000e5700000, 0x00000000e5700000, 0x00000000e5800000|  0%| F|  |TAMS 0x00000000e5700000, 0x00000000e5700000| Untracked 
|  88|0x00000000e5800000, 0x00000000e5800000, 0x00000000e5900000|  0%| F|  |TAMS 0x00000000e5800000, 0x00000000e5800000| Untracked 
|  89|0x00000000e5900000, 0x00000000e5980000, 0x00000000e5a00000| 50%| S|CS|TAMS 0x00000000e5900000, 0x00000000e5900000| Complete 
|  90|0x00000000e5a00000, 0x00000000e5b00000, 0x00000000e5b00000|100%| S|CS|TAMS 0x00000000e5a00000, 0x00000000e5a00000| Complete 
|  91|0x00000000e5b00000, 0x00000000e5c00000, 0x00000000e5c00000|100%| S|CS|TAMS 0x00000000e5b00000, 0x00000000e5b00000| Complete 
|  92|0x00000000e5c00000, 0x00000000e5d00000, 0x00000000e5d00000|100%| S|CS|TAMS 0x00000000e5c00000, 0x00000000e5c00000| Complete 
|  93|0x00000000e5d00000, 0x00000000e5e00000, 0x00000000e5e00000|100%| S|CS|TAMS 0x00000000e5d00000, 0x00000000e5d00000| Complete 
|  94|0x00000000e5e00000, 0x00000000e5f00000, 0x00000000e5f00000|100%| S|CS|TAMS 0x00000000e5e00000, 0x00000000e5e00000| Complete 
|  95|0x00000000e5f00000, 0x00000000e6000000, 0x00000000e6000000|100%| S|CS|TAMS 0x00000000e5f00000, 0x00000000e5f00000| Complete 
|  96|0x00000000e6000000, 0x00000000e6100000, 0x00000000e6100000|100%| S|CS|TAMS 0x00000000e6000000, 0x00000000e6000000| Complete 
|  97|0x00000000e6100000, 0x00000000e6200000, 0x00000000e6200000|100%| S|CS|TAMS 0x00000000e6100000, 0x00000000e6100000| Complete 
|  98|0x00000000e6200000, 0x00000000e6300000, 0x00000000e6300000|100%| S|CS|TAMS 0x00000000e6200000, 0x00000000e6200000| Complete 
|  99|0x00000000e6300000, 0x00000000e6400000, 0x00000000e6400000|100%| S|CS|TAMS 0x00000000e6300000, 0x00000000e6300000| Complete 
| 100|0x00000000e6400000, 0x00000000e6500000, 0x00000000e6500000|100%| S|CS|TAMS 0x00000000e6400000, 0x00000000e6400000| Complete 
| 101|0x00000000e6500000, 0x00000000e6600000, 0x00000000e6600000|100%| S|CS|TAMS 0x00000000e6500000, 0x00000000e6500000| Complete 
| 102|0x00000000e6600000, 0x00000000e6700000, 0x00000000e6700000|100%| S|CS|TAMS 0x00000000e6600000, 0x00000000e6600000| Complete 
| 103|0x00000000e6700000, 0x00000000e6700000, 0x00000000e6800000|  0%| F|  |TAMS 0x00000000e6700000, 0x00000000e6700000| Untracked 
| 104|0x00000000e6800000, 0x00000000e6800000, 0x00000000e6900000|  0%| F|  |TAMS 0x00000000e6800000, 0x00000000e6800000| Untracked 
| 105|0x00000000e6900000, 0x00000000e6900000, 0x00000000e6a00000|  0%| F|  |TAMS 0x00000000e6900000, 0x00000000e6900000| Untracked 
| 106|0x00000000e6a00000, 0x00000000e6a00000, 0x00000000e6b00000|  0%| F|  |TAMS 0x00000000e6a00000, 0x00000000e6a00000| Untracked 
| 107|0x00000000e6b00000, 0x00000000e6b00000, 0x00000000e6c00000|  0%| F|  |TAMS 0x00000000e6b00000, 0x00000000e6b00000| Untracked 
| 108|0x00000000e6c00000, 0x00000000e6c00000, 0x00000000e6d00000|  0%| F|  |TAMS 0x00000000e6c00000, 0x00000000e6c00000| Untracked 
| 109|0x00000000e6d00000, 0x00000000e6d00000, 0x00000000e6e00000|  0%| F|  |TAMS 0x00000000e6d00000, 0x00000000e6d00000| Untracked 
| 110|0x00000000e6e00000, 0x00000000e6e00000, 0x00000000e6f00000|  0%| F|  |TAMS 0x00000000e6e00000, 0x00000000e6e00000| Untracked 
| 111|0x00000000e6f00000, 0x00000000e6f00000, 0x00000000e7000000|  0%| F|  |TAMS 0x00000000e6f00000, 0x00000000e6f00000| Untracked 
| 112|0x00000000e7000000, 0x00000000e7000000, 0x00000000e7100000|  0%| F|  |TAMS 0x00000000e7000000, 0x00000000e7000000| Untracked 
| 113|0x00000000e7100000, 0x00000000e7100000, 0x00000000e7200000|  0%| F|  |TAMS 0x00000000e7100000, 0x00000000e7100000| Untracked 
| 114|0x00000000e7200000, 0x00000000e7200000, 0x00000000e7300000|  0%| F|  |TAMS 0x00000000e7200000, 0x00000000e7200000| Untracked 
| 115|0x00000000e7300000, 0x00000000e7300000, 0x00000000e7400000|  0%| F|  |TAMS 0x00000000e7300000, 0x00000000e7300000| Untracked 
| 116|0x00000000e7400000, 0x00000000e7400000, 0x00000000e7500000|  0%| F|  |TAMS 0x00000000e7400000, 0x00000000e7400000| Untracked 
| 117|0x00000000e7500000, 0x00000000e7500000, 0x00000000e7600000|  0%| F|  |TAMS 0x00000000e7500000, 0x00000000e7500000| Untracked 
| 118|0x00000000e7600000, 0x00000000e7600000, 0x00000000e7700000|  0%| F|  |TAMS 0x00000000e7600000, 0x00000000e7600000| Untracked 
| 119|0x00000000e7700000, 0x00000000e7700000, 0x00000000e7800000|  0%| F|  |TAMS 0x00000000e7700000, 0x00000000e7700000| Untracked 
| 120|0x00000000e7800000, 0x00000000e7800000, 0x00000000e7900000|  0%| F|  |TAMS 0x00000000e7800000, 0x00000000e7800000| Untracked 
| 121|0x00000000e7900000, 0x00000000e7900000, 0x00000000e7a00000|  0%| F|  |TAMS 0x00000000e7900000, 0x00000000e7900000| Untracked 
| 122|0x00000000e7a00000, 0x00000000e7a00000, 0x00000000e7b00000|  0%| F|  |TAMS 0x00000000e7a00000, 0x00000000e7a00000| Untracked 
| 123|0x00000000e7b00000, 0x00000000e7b00000, 0x00000000e7c00000|  0%| F|  |TAMS 0x00000000e7b00000, 0x00000000e7b00000| Untracked 
| 124|0x00000000e7c00000, 0x00000000e7c00000, 0x00000000e7d00000|  0%| F|  |TAMS 0x00000000e7c00000, 0x00000000e7c00000| Untracked 
| 125|0x00000000e7d00000, 0x00000000e7d00000, 0x00000000e7e00000|  0%| F|  |TAMS 0x00000000e7d00000, 0x00000000e7d00000| Untracked 
| 126|0x00000000e7e00000, 0x00000000e7e00000, 0x00000000e7f00000|  0%| F|  |TAMS 0x00000000e7e00000, 0x00000000e7e00000| Untracked 
| 127|0x00000000e7f00000, 0x00000000e7f00000, 0x00000000e8000000|  0%| F|  |TAMS 0x00000000e7f00000, 0x00000000e7f00000| Untracked 
| 128|0x00000000e8000000, 0x00000000e8000000, 0x00000000e8100000|  0%| F|  |TAMS 0x00000000e8000000, 0x00000000e8000000| Untracked 
| 129|0x00000000e8100000, 0x00000000e8100000, 0x00000000e8200000|  0%| F|  |TAMS 0x00000000e8100000, 0x00000000e8100000| Untracked 
| 130|0x00000000e8200000, 0x00000000e8200000, 0x00000000e8300000|  0%| F|  |TAMS 0x00000000e8200000, 0x00000000e8200000| Untracked 
| 131|0x00000000e8300000, 0x00000000e8300000, 0x00000000e8400000|  0%| F|  |TAMS 0x00000000e8300000, 0x00000000e8300000| Untracked 
| 132|0x00000000e8400000, 0x00000000e8400000, 0x00000000e8500000|  0%| F|  |TAMS 0x00000000e8400000, 0x00000000e8400000| Untracked 
| 133|0x00000000e8500000, 0x00000000e8500000, 0x00000000e8600000|  0%| F|  |TAMS 0x00000000e8500000, 0x00000000e8500000| Untracked 
| 134|0x00000000e8600000, 0x00000000e8600000, 0x00000000e8700000|  0%| F|  |TAMS 0x00000000e8600000, 0x00000000e8600000| Untracked 
| 135|0x00000000e8700000, 0x00000000e8700000, 0x00000000e8800000|  0%| F|  |TAMS 0x00000000e8700000, 0x00000000e8700000| Untracked 
| 136|0x00000000e8800000, 0x00000000e8800000, 0x00000000e8900000|  0%| F|  |TAMS 0x00000000e8800000, 0x00000000e8800000| Untracked 
| 137|0x00000000e8900000, 0x00000000e8900000, 0x00000000e8a00000|  0%| F|  |TAMS 0x00000000e8900000, 0x00000000e8900000| Untracked 
| 138|0x00000000e8a00000, 0x00000000e8a00000, 0x00000000e8b00000|  0%| F|  |TAMS 0x00000000e8a00000, 0x00000000e8a00000| Untracked 
| 139|0x00000000e8b00000, 0x00000000e8b00000, 0x00000000e8c00000|  0%| F|  |TAMS 0x00000000e8b00000, 0x00000000e8b00000| Untracked 
| 140|0x00000000e8c00000, 0x00000000e8c00000, 0x00000000e8d00000|  0%| F|  |TAMS 0x00000000e8c00000, 0x00000000e8c00000| Untracked 
| 141|0x00000000e8d00000, 0x00000000e8d00000, 0x00000000e8e00000|  0%| F|  |TAMS 0x00000000e8d00000, 0x00000000e8d00000| Untracked 
| 142|0x00000000e8e00000, 0x00000000e8e00000, 0x00000000e8f00000|  0%| F|  |TAMS 0x00000000e8e00000, 0x00000000e8e00000| Untracked 
| 143|0x00000000e8f00000, 0x00000000e8f00000, 0x00000000e9000000|  0%| F|  |TAMS 0x00000000e8f00000, 0x00000000e8f00000| Untracked 
| 144|0x00000000e9000000, 0x00000000e9000000, 0x00000000e9100000|  0%| F|  |TAMS 0x00000000e9000000, 0x00000000e9000000| Untracked 
| 145|0x00000000e9100000, 0x00000000e9100000, 0x00000000e9200000|  0%| F|  |TAMS 0x00000000e9100000, 0x00000000e9100000| Untracked 
| 146|0x00000000e9200000, 0x00000000e9200000, 0x00000000e9300000|  0%| F|  |TAMS 0x00000000e9200000, 0x00000000e9200000| Untracked 
| 147|0x00000000e9300000, 0x00000000e9300000, 0x00000000e9400000|  0%| F|  |TAMS 0x00000000e9300000, 0x00000000e9300000| Untracked 
| 148|0x00000000e9400000, 0x00000000e9400000, 0x00000000e9500000|  0%| F|  |TAMS 0x00000000e9400000, 0x00000000e9400000| Untracked 
| 149|0x00000000e9500000, 0x00000000e9500000, 0x00000000e9600000|  0%| F|  |TAMS 0x00000000e9500000, 0x00000000e9500000| Untracked 
| 150|0x00000000e9600000, 0x00000000e9600000, 0x00000000e9700000|  0%| F|  |TAMS 0x00000000e9600000, 0x00000000e9600000| Untracked 
| 151|0x00000000e9700000, 0x00000000e9700000, 0x00000000e9800000|  0%| F|  |TAMS 0x00000000e9700000, 0x00000000e9700000| Untracked 
| 152|0x00000000e9800000, 0x00000000e9800000, 0x00000000e9900000|  0%| F|  |TAMS 0x00000000e9800000, 0x00000000e9800000| Untracked 
| 153|0x00000000e9900000, 0x00000000e9900000, 0x00000000e9a00000|  0%| F|  |TAMS 0x00000000e9900000, 0x00000000e9900000| Untracked 
| 154|0x00000000e9a00000, 0x00000000e9a00000, 0x00000000e9b00000|  0%| F|  |TAMS 0x00000000e9a00000, 0x00000000e9a00000| Untracked 
| 155|0x00000000e9b00000, 0x00000000e9b00000, 0x00000000e9c00000|  0%| F|  |TAMS 0x00000000e9b00000, 0x00000000e9b00000| Untracked 
| 156|0x00000000e9c00000, 0x00000000e9c00000, 0x00000000e9d00000|  0%| F|  |TAMS 0x00000000e9c00000, 0x00000000e9c00000| Untracked 
| 157|0x00000000e9d00000, 0x00000000e9d00000, 0x00000000e9e00000|  0%| F|  |TAMS 0x00000000e9d00000, 0x00000000e9d00000| Untracked 
| 158|0x00000000e9e00000, 0x00000000e9e00000, 0x00000000e9f00000|  0%| F|  |TAMS 0x00000000e9e00000, 0x00000000e9e00000| Untracked 
| 159|0x00000000e9f00000, 0x00000000e9f00000, 0x00000000ea000000|  0%| F|  |TAMS 0x00000000e9f00000, 0x00000000e9f00000| Untracked 
| 160|0x00000000ea000000, 0x00000000ea000000, 0x00000000ea100000|  0%| F|  |TAMS 0x00000000ea000000, 0x00000000ea000000| Untracked 
| 161|0x00000000ea100000, 0x00000000ea100000, 0x00000000ea200000|  0%| F|  |TAMS 0x00000000ea100000, 0x00000000ea100000| Untracked 
| 162|0x00000000ea200000, 0x00000000ea200000, 0x00000000ea300000|  0%| F|  |TAMS 0x00000000ea200000, 0x00000000ea200000| Untracked 
| 163|0x00000000ea300000, 0x00000000ea300000, 0x00000000ea400000|  0%| F|  |TAMS 0x00000000ea300000, 0x00000000ea300000| Untracked 
| 164|0x00000000ea400000, 0x00000000ea400000, 0x00000000ea500000|  0%| F|  |TAMS 0x00000000ea400000, 0x00000000ea400000| Untracked 
| 165|0x00000000ea500000, 0x00000000ea500000, 0x00000000ea600000|  0%| F|  |TAMS 0x00000000ea500000, 0x00000000ea500000| Untracked 
| 166|0x00000000ea600000, 0x00000000ea600000, 0x00000000ea700000|  0%| F|  |TAMS 0x00000000ea600000, 0x00000000ea600000| Untracked 
| 167|0x00000000ea700000, 0x00000000ea700000, 0x00000000ea800000|  0%| F|  |TAMS 0x00000000ea700000, 0x00000000ea700000| Untracked 
| 168|0x00000000ea800000, 0x00000000ea800000, 0x00000000ea900000|  0%| F|  |TAMS 0x00000000ea800000, 0x00000000ea800000| Untracked 
| 169|0x00000000ea900000, 0x00000000ea900000, 0x00000000eaa00000|  0%| F|  |TAMS 0x00000000ea900000, 0x00000000ea900000| Untracked 
| 170|0x00000000eaa00000, 0x00000000eaa00000, 0x00000000eab00000|  0%| F|  |TAMS 0x00000000eaa00000, 0x00000000eaa00000| Untracked 
| 171|0x00000000eab00000, 0x00000000eab00000, 0x00000000eac00000|  0%| F|  |TAMS 0x00000000eab00000, 0x00000000eab00000| Untracked 
| 172|0x00000000eac00000, 0x00000000eac00000, 0x00000000ead00000|  0%| F|  |TAMS 0x00000000eac00000, 0x00000000eac00000| Untracked 
| 173|0x00000000ead00000, 0x00000000ead00000, 0x00000000eae00000|  0%| F|  |TAMS 0x00000000ead00000, 0x00000000ead00000| Untracked 
| 174|0x00000000eae00000, 0x00000000eae00000, 0x00000000eaf00000|  0%| F|  |TAMS 0x00000000eae00000, 0x00000000eae00000| Untracked 
| 175|0x00000000eaf00000, 0x00000000eaf00000, 0x00000000eb000000|  0%| F|  |TAMS 0x00000000eaf00000, 0x00000000eaf00000| Untracked 
| 176|0x00000000eb000000, 0x00000000eb000000, 0x00000000eb100000|  0%| F|  |TAMS 0x00000000eb000000, 0x00000000eb000000| Untracked 
| 177|0x00000000eb100000, 0x00000000eb100000, 0x00000000eb200000|  0%| F|  |TAMS 0x00000000eb100000, 0x00000000eb100000| Untracked 
| 178|0x00000000eb200000, 0x00000000eb200000, 0x00000000eb300000|  0%| F|  |TAMS 0x00000000eb200000, 0x00000000eb200000| Untracked 
| 179|0x00000000eb300000, 0x00000000eb300000, 0x00000000eb400000|  0%| F|  |TAMS 0x00000000eb300000, 0x00000000eb300000| Untracked 
| 180|0x00000000eb400000, 0x00000000eb400000, 0x00000000eb500000|  0%| F|  |TAMS 0x00000000eb400000, 0x00000000eb400000| Untracked 
| 181|0x00000000eb500000, 0x00000000eb500000, 0x00000000eb600000|  0%| F|  |TAMS 0x00000000eb500000, 0x00000000eb500000| Untracked 
| 182|0x00000000eb600000, 0x00000000eb600000, 0x00000000eb700000|  0%| F|  |TAMS 0x00000000eb600000, 0x00000000eb600000| Untracked 
| 183|0x00000000eb700000, 0x00000000eb700000, 0x00000000eb800000|  0%| F|  |TAMS 0x00000000eb700000, 0x00000000eb700000| Untracked 
| 184|0x00000000eb800000, 0x00000000eb800000, 0x00000000eb900000|  0%| F|  |TAMS 0x00000000eb800000, 0x00000000eb800000| Untracked 
| 185|0x00000000eb900000, 0x00000000eb900000, 0x00000000eba00000|  0%| F|  |TAMS 0x00000000eb900000, 0x00000000eb900000| Untracked 
| 186|0x00000000eba00000, 0x00000000eba00000, 0x00000000ebb00000|  0%| F|  |TAMS 0x00000000eba00000, 0x00000000eba00000| Untracked 
| 187|0x00000000ebb00000, 0x00000000ebb00000, 0x00000000ebc00000|  0%| F|  |TAMS 0x00000000ebb00000, 0x00000000ebb00000| Untracked 
| 188|0x00000000ebc00000, 0x00000000ebc00000, 0x00000000ebd00000|  0%| F|  |TAMS 0x00000000ebc00000, 0x00000000ebc00000| Untracked 
| 189|0x00000000ebd00000, 0x00000000ebd00000, 0x00000000ebe00000|  0%| F|  |TAMS 0x00000000ebd00000, 0x00000000ebd00000| Untracked 
| 190|0x00000000ebe00000, 0x00000000ebe00000, 0x00000000ebf00000|  0%| F|  |TAMS 0x00000000ebe00000, 0x00000000ebe00000| Untracked 
| 191|0x00000000ebf00000, 0x00000000ebf5e368, 0x00000000ec000000| 36%| E|  |TAMS 0x00000000ebf00000, 0x00000000ebf00000| Complete 
| 192|0x00000000ec000000, 0x00000000ec100000, 0x00000000ec100000|100%| E|CS|TAMS 0x00000000ec000000, 0x00000000ec000000| Complete 
| 193|0x00000000ec100000, 0x00000000ec200000, 0x00000000ec200000|100%| E|CS|TAMS 0x00000000ec100000, 0x00000000ec100000| Complete 
| 194|0x00000000ec200000, 0x00000000ec300000, 0x00000000ec300000|100%| E|CS|TAMS 0x00000000ec200000, 0x00000000ec200000| Complete 
| 195|0x00000000ec300000, 0x00000000ec400000, 0x00000000ec400000|100%| E|CS|TAMS 0x00000000ec300000, 0x00000000ec300000| Complete 
| 196|0x00000000ec400000, 0x00000000ec500000, 0x00000000ec500000|100%| E|CS|TAMS 0x00000000ec400000, 0x00000000ec400000| Complete 
| 197|0x00000000ec500000, 0x00000000ec600000, 0x00000000ec600000|100%| E|CS|TAMS 0x00000000ec500000, 0x00000000ec500000| Complete 
| 198|0x00000000ec600000, 0x00000000ec700000, 0x00000000ec700000|100%| E|CS|TAMS 0x00000000ec600000, 0x00000000ec600000| Complete 
| 199|0x00000000ec700000, 0x00000000ec800000, 0x00000000ec800000|100%| E|CS|TAMS 0x00000000ec700000, 0x00000000ec700000| Complete 
| 200|0x00000000ec800000, 0x00000000ec900000, 0x00000000ec900000|100%| E|CS|TAMS 0x00000000ec800000, 0x00000000ec800000| Complete 
| 201|0x00000000ec900000, 0x00000000eca00000, 0x00000000eca00000|100%| E|CS|TAMS 0x00000000ec900000, 0x00000000ec900000| Complete 
| 202|0x00000000eca00000, 0x00000000ecb00000, 0x00000000ecb00000|100%| E|CS|TAMS 0x00000000eca00000, 0x00000000eca00000| Complete 
| 203|0x00000000ecb00000, 0x00000000ecc00000, 0x00000000ecc00000|100%| E|CS|TAMS 0x00000000ecb00000, 0x00000000ecb00000| Complete 
| 204|0x00000000ecc00000, 0x00000000ecd00000, 0x00000000ecd00000|100%| E|CS|TAMS 0x00000000ecc00000, 0x00000000ecc00000| Complete 
| 205|0x00000000ecd00000, 0x00000000ece00000, 0x00000000ece00000|100%| E|CS|TAMS 0x00000000ecd00000, 0x00000000ecd00000| Complete 
| 206|0x00000000ece00000, 0x00000000ecf00000, 0x00000000ecf00000|100%| E|CS|TAMS 0x00000000ece00000, 0x00000000ece00000| Complete 
| 207|0x00000000ecf00000, 0x00000000ed000000, 0x00000000ed000000|100%| E|CS|TAMS 0x00000000ecf00000, 0x00000000ecf00000| Complete 
| 208|0x00000000ed000000, 0x00000000ed100000, 0x00000000ed100000|100%| E|CS|TAMS 0x00000000ed000000, 0x00000000ed000000| Complete 
| 209|0x00000000ed100000, 0x00000000ed200000, 0x00000000ed200000|100%| E|CS|TAMS 0x00000000ed100000, 0x00000000ed100000| Complete 
| 210|0x00000000ed200000, 0x00000000ed300000, 0x00000000ed300000|100%| E|CS|TAMS 0x00000000ed200000, 0x00000000ed200000| Complete 
| 211|0x00000000ed300000, 0x00000000ed400000, 0x00000000ed400000|100%| E|CS|TAMS 0x00000000ed300000, 0x00000000ed300000| Complete 
| 212|0x00000000ed400000, 0x00000000ed500000, 0x00000000ed500000|100%| E|CS|TAMS 0x00000000ed400000, 0x00000000ed400000| Complete 
| 213|0x00000000ed500000, 0x00000000ed600000, 0x00000000ed600000|100%| E|CS|TAMS 0x00000000ed500000, 0x00000000ed500000| Complete 
| 214|0x00000000ed600000, 0x00000000ed700000, 0x00000000ed700000|100%| E|CS|TAMS 0x00000000ed600000, 0x00000000ed600000| Complete 
| 215|0x00000000ed700000, 0x00000000ed800000, 0x00000000ed800000|100%| E|CS|TAMS 0x00000000ed700000, 0x00000000ed700000| Complete 
| 216|0x00000000ed800000, 0x00000000ed900000, 0x00000000ed900000|100%| E|CS|TAMS 0x00000000ed800000, 0x00000000ed800000| Complete 
| 217|0x00000000ed900000, 0x00000000eda00000, 0x00000000eda00000|100%| E|CS|TAMS 0x00000000ed900000, 0x00000000ed900000| Complete 
| 218|0x00000000eda00000, 0x00000000edb00000, 0x00000000edb00000|100%| E|CS|TAMS 0x00000000eda00000, 0x00000000eda00000| Complete 
| 219|0x00000000edb00000, 0x00000000edc00000, 0x00000000edc00000|100%| E|CS|TAMS 0x00000000edb00000, 0x00000000edb00000| Complete 
| 220|0x00000000edc00000, 0x00000000edd00000, 0x00000000edd00000|100%| E|CS|TAMS 0x00000000edc00000, 0x00000000edc00000| Complete 
| 221|0x00000000edd00000, 0x00000000ede00000, 0x00000000ede00000|100%| E|CS|TAMS 0x00000000edd00000, 0x00000000edd00000| Complete 
| 222|0x00000000ede00000, 0x00000000edf00000, 0x00000000edf00000|100%| E|CS|TAMS 0x00000000ede00000, 0x00000000ede00000| Complete 
| 223|0x00000000edf00000, 0x00000000ee000000, 0x00000000ee000000|100%| E|CS|TAMS 0x00000000edf00000, 0x00000000edf00000| Complete 
| 224|0x00000000ee000000, 0x00000000ee100000, 0x00000000ee100000|100%| E|CS|TAMS 0x00000000ee000000, 0x00000000ee000000| Complete 
| 225|0x00000000ee100000, 0x00000000ee200000, 0x00000000ee200000|100%| E|CS|TAMS 0x00000000ee100000, 0x00000000ee100000| Complete 
| 226|0x00000000ee200000, 0x00000000ee300000, 0x00000000ee300000|100%| E|CS|TAMS 0x00000000ee200000, 0x00000000ee200000| Complete 
| 227|0x00000000ee300000, 0x00000000ee400000, 0x00000000ee400000|100%| E|CS|TAMS 0x00000000ee300000, 0x00000000ee300000| Complete 
| 228|0x00000000ee400000, 0x00000000ee500000, 0x00000000ee500000|100%| E|CS|TAMS 0x00000000ee400000, 0x00000000ee400000| Complete 
| 229|0x00000000ee500000, 0x00000000ee600000, 0x00000000ee600000|100%| E|CS|TAMS 0x00000000ee500000, 0x00000000ee500000| Complete 
| 230|0x00000000ee600000, 0x00000000ee700000, 0x00000000ee700000|100%| E|CS|TAMS 0x00000000ee600000, 0x00000000ee600000| Complete 
| 231|0x00000000ee700000, 0x00000000ee800000, 0x00000000ee800000|100%| E|CS|TAMS 0x00000000ee700000, 0x00000000ee700000| Complete 
| 232|0x00000000ee800000, 0x00000000ee900000, 0x00000000ee900000|100%| E|CS|TAMS 0x00000000ee800000, 0x00000000ee800000| Complete 
| 233|0x00000000ee900000, 0x00000000eea00000, 0x00000000eea00000|100%| E|CS|TAMS 0x00000000ee900000, 0x00000000ee900000| Complete 
| 234|0x00000000eea00000, 0x00000000eeb00000, 0x00000000eeb00000|100%| E|CS|TAMS 0x00000000eea00000, 0x00000000eea00000| Complete 
| 235|0x00000000eeb00000, 0x00000000eec00000, 0x00000000eec00000|100%| E|CS|TAMS 0x00000000eeb00000, 0x00000000eeb00000| Complete 
| 236|0x00000000eec00000, 0x00000000eed00000, 0x00000000eed00000|100%| E|CS|TAMS 0x00000000eec00000, 0x00000000eec00000| Complete 
| 237|0x00000000eed00000, 0x00000000eee00000, 0x00000000eee00000|100%| E|CS|TAMS 0x00000000eed00000, 0x00000000eed00000| Complete 
| 238|0x00000000eee00000, 0x00000000eef00000, 0x00000000eef00000|100%| E|CS|TAMS 0x00000000eee00000, 0x00000000eee00000| Complete 
| 239|0x00000000eef00000, 0x00000000ef000000, 0x00000000ef000000|100%| E|CS|TAMS 0x00000000eef00000, 0x00000000eef00000| Complete 
| 240|0x00000000ef000000, 0x00000000ef100000, 0x00000000ef100000|100%| E|CS|TAMS 0x00000000ef000000, 0x00000000ef000000| Complete 
| 241|0x00000000ef100000, 0x00000000ef200000, 0x00000000ef200000|100%| E|CS|TAMS 0x00000000ef100000, 0x00000000ef100000| Complete 
| 242|0x00000000ef200000, 0x00000000ef300000, 0x00000000ef300000|100%| E|CS|TAMS 0x00000000ef200000, 0x00000000ef200000| Complete 
| 243|0x00000000ef300000, 0x00000000ef400000, 0x00000000ef400000|100%| E|CS|TAMS 0x00000000ef300000, 0x00000000ef300000| Complete 
| 244|0x00000000ef400000, 0x00000000ef500000, 0x00000000ef500000|100%| E|CS|TAMS 0x00000000ef400000, 0x00000000ef400000| Complete 
| 245|0x00000000ef500000, 0x00000000ef600000, 0x00000000ef600000|100%| E|CS|TAMS 0x00000000ef500000, 0x00000000ef500000| Complete 
| 246|0x00000000ef600000, 0x00000000ef700000, 0x00000000ef700000|100%| E|CS|TAMS 0x00000000ef600000, 0x00000000ef600000| Complete 
| 247|0x00000000ef700000, 0x00000000ef800000, 0x00000000ef800000|100%| E|CS|TAMS 0x00000000ef700000, 0x00000000ef700000| Complete 
| 248|0x00000000ef800000, 0x00000000ef900000, 0x00000000ef900000|100%| E|CS|TAMS 0x00000000ef800000, 0x00000000ef800000| Complete 
| 249|0x00000000ef900000, 0x00000000efa00000, 0x00000000efa00000|100%| E|CS|TAMS 0x00000000ef900000, 0x00000000ef900000| Complete 
| 250|0x00000000efa00000, 0x00000000efb00000, 0x00000000efb00000|100%| E|CS|TAMS 0x00000000efa00000, 0x00000000efa00000| Complete 
| 251|0x00000000efb00000, 0x00000000efc00000, 0x00000000efc00000|100%| E|CS|TAMS 0x00000000efb00000, 0x00000000efb00000| Complete 
| 252|0x00000000efc00000, 0x00000000efd00000, 0x00000000efd00000|100%| E|CS|TAMS 0x00000000efc00000, 0x00000000efc00000| Complete 
| 253|0x00000000efd00000, 0x00000000efe00000, 0x00000000efe00000|100%| E|CS|TAMS 0x00000000efd00000, 0x00000000efd00000| Complete 
| 254|0x00000000efe00000, 0x00000000eff00000, 0x00000000eff00000|100%| E|CS|TAMS 0x00000000efe00000, 0x00000000efe00000| Complete 
| 255|0x00000000eff00000, 0x00000000f0000000, 0x00000000f0000000|100%| E|CS|TAMS 0x00000000eff00000, 0x00000000eff00000| Complete 

Card table byte_map: [0x000001e2b4180000,0x000001e2b4280000] _byte_map_base: 0x000001e2b3a80000

Marking Bits (Prev, Next): (CMBitMap*) 0x000001e29ccfe4c0, (CMBitMap*) 0x000001e29ccfe488
 Prev Bits: [0x000001e2b4b80000, 0x000001e2b5380000)
 Next Bits: [0x000001e2b4380000, 0x000001e2b4b80000)

Polling page: 0x000001e29ac40000

Metaspace:

Usage:
  Non-class:     61.36 MB capacity,    59.81 MB ( 97%) used,     1.34 MB (  2%) free+waste,   215.75 KB ( <1%) overhead. 
      Class:      9.68 MB capacity,     8.77 MB ( 91%) used,   827.30 KB (  8%) free+waste,   104.44 KB (  1%) overhead. 
       Both:     71.03 MB capacity,    68.57 MB ( 97%) used,     2.15 MB (  3%) free+waste,   320.19 KB ( <1%) overhead. 

Virtual space:
  Non-class space:       62.00 MB reserved,      61.45 MB (>99%) committed 
      Class space:      248.00 MB reserved,       9.75 MB (  4%) committed 
             Both:      310.00 MB reserved,      71.20 MB ( 23%) committed 

Chunk freelists:
   Non-Class:  4.13 KB
       Class:  1.50 KB
        Both:  5.63 KB

CodeHeap 'non-profiled nmethods': size=120064Kb used=3283Kb max_used=3283Kb free=116780Kb
 bounds [0x000001e2acc40000, 0x000001e2acf80000, 0x000001e2b4180000]
CodeHeap 'profiled nmethods': size=120000Kb used=17082Kb max_used=17082Kb free=102917Kb
 bounds [0x000001e2a5710000, 0x000001e2a67c0000, 0x000001e2acc40000]
CodeHeap 'non-nmethods': size=5696Kb used=2263Kb max_used=2310Kb free=3432Kb
 bounds [0x000001e2a5180000, 0x000001e2a53f0000, 0x000001e2a5710000]
 total_blobs=9072 nmethods=8217 adapters=764
 compilation: enabled
              stopped_count=0, restarted_count=0
 full_count=0

Compilation events (10 events):
Event: 361.967 Thread 0x000001e2b830f800 nmethod 8350 0x000001e2acf74a10 code [0x000001e2acf74ba0, 0x000001e2acf74c58]
Event: 361.968 Thread 0x000001e2b830f800 8357       2       java.util.Formatter$FormatSpecifier::<init> (259 bytes)
Event: 361.971 Thread 0x000001e2b830f800 nmethod 8357 0x000001e2a67b9510 code [0x000001e2a67b9860, 0x000001e2a67ba368]
Event: 361.971 Thread 0x000001e2b830f800 8359       2       java.util.regex.Matcher::end (22 bytes)
Event: 361.971 Thread 0x000001e2b830f800 nmethod 8359 0x000001e2a67baa90 code [0x000001e2a67bac40, 0x000001e2a67bae08]
Event: 361.971 Thread 0x000001e2b830f800 8358   !   2       java.util.Formatter$FormatSpecifier::index (50 bytes)
Event: 361.972 Thread 0x000001e2b830f800 nmethod 8358 0x000001e2a67baf10 code [0x000001e2a67bb0c0, 0x000001e2a67bb228]
Event: 361.973 Thread 0x000001e2b830f800 8361       2       org.gradle.internal.remote.internal.inet.SocketConnection$SocketOutputStream::write (78 bytes)
Event: 361.974 Thread 0x000001e2b830f800 nmethod 8361 0x000001e2a67bb310 code [0x000001e2a67bb500, 0x000001e2a67bb848]
Event: 361.980 Thread 0x000001e2b830f800 8362       2       java.util.concurrent.ConcurrentLinkedQueue::tryCasSuccessor (38 bytes)

GC Heap History (10 events):
Event: 7.198 GC heap before
{Heap before GC invocations=6 (full 0):
 garbage-first heap   total 262144K, used 66406K [0x00000000e0000000, 0x0000000100000000)
  region size 1024K, 53 young (54272K), 4 survivors (4096K)
 Metaspace       used 25858K, capacity 26401K, committed 26752K, reserved 278528K
  class space    used 3378K, capacity 3586K, committed 3712K, reserved 253952K
}
Event: 7.211 GC heap after
{Heap after GC invocations=7 (full 0):
 garbage-first heap   total 262144K, used 18339K [0x00000000e0000000, 0x0000000100000000)
  region size 1024K, 3 young (3072K), 3 survivors (3072K)
 Metaspace       used 25858K, capacity 26401K, committed 26752K, reserved 278528K
  class space    used 3378K, capacity 3586K, committed 3712K, reserved 253952K
}
Event: 9.455 GC heap before
{Heap before GC invocations=7 (full 0):
 garbage-first heap   total 262144K, used 74659K [0x00000000e0000000, 0x0000000100000000)
  region size 1024K, 60 young (61440K), 3 survivors (3072K)
 Metaspace       used 35174K, capacity 35912K, committed 36048K, reserved 286720K
  class space    used 4592K, capacity 4862K, committed 4864K, reserved 253952K
}
Event: 9.476 GC heap after
{Heap after GC invocations=8 (full 0):
 garbage-first heap   total 262144K, used 21569K [0x00000000e0000000, 0x0000000100000000)
  region size 1024K, 6 young (6144K), 6 survivors (6144K)
 Metaspace       used 35174K, capacity 35912K, committed 36048K, reserved 286720K
  class space    used 4592K, capacity 4862K, committed 4864K, reserved 253952K
}
Event: 11.547 GC heap before
{Heap before GC invocations=9 (full 0):
 garbage-first heap   total 262144K, used 113729K [0x00000000e0000000, 0x0000000100000000)
  region size 1024K, 93 young (95232K), 6 survivors (6144K)
 Metaspace       used 44641K, capacity 45604K, committed 45904K, reserved 294912K
  class space    used 5775K, capacity 6148K, committed 6272K, reserved 253952K
}
Event: 11.580 GC heap after
{Heap after GC invocations=10 (full 0):
 garbage-first heap   total 262144K, used 26941K [0x00000000e0000000, 0x0000000100000000)
  region size 1024K, 12 young (12288K), 12 survivors (12288K)
 Metaspace       used 44641K, capacity 45604K, committed 45904K, reserved 294912K
  class space    used 5775K, capacity 6148K, committed 6272K, reserved 253952K
}
Event: 14.252 GC heap before
{Heap before GC invocations=10 (full 0):
 garbage-first heap   total 262144K, used 119101K [0x00000000e0000000, 0x0000000100000000)
  region size 1024K, 104 young (106496K), 12 survivors (12288K)
 Metaspace       used 58731K, capacity 60177K, committed 60240K, reserved 307200K
  class space    used 7739K, capacity 8312K, committed 8320K, reserved 253952K
}
Event: 14.311 GC heap after
{Heap after GC invocations=11 (full 0):
 garbage-first heap   total 262144K, used 35522K [0x00000000e0000000, 0x0000000100000000)
  region size 1024K, 14 young (14336K), 14 survivors (14336K)
 Metaspace       used 58731K, capacity 60177K, committed 60240K, reserved 307200K
  class space    used 7739K, capacity 8312K, committed 8320K, reserved 253952K
}
Event: 344.218 GC heap before
{Heap before GC invocations=12 (full 0):
 garbage-first heap   total 262144K, used 176834K [0x00000000e0000000, 0x0000000100000000)
  region size 1024K, 153 young (156672K), 14 survivors (14336K)
 Metaspace       used 68184K, capacity 70393K, committed 70608K, reserved 315392K
  class space    used 8815K, capacity 9605K, committed 9728K, reserved 253952K
}
Event: 344.330 GC heap after
{Heap after GC invocations=13 (full 0):
 garbage-first heap   total 262144K, used 40656K [0x00000000e0000000, 0x0000000100000000)
  region size 1024K, 14 young (14336K), 14 survivors (14336K)
 Metaspace       used 68184K, capacity 70393K, committed 70608K, reserved 315392K
  class space    used 8815K, capacity 9605K, committed 9728K, reserved 253952K
}

Deoptimization events (10 events):
Event: 339.981 Thread 0x000001e2ba959000 Uncommon trap: reason=unstable_if action=reinterpret pc=0x000001e2ace79390 method=java.lang.ClassValue.match(Ljava/lang/ClassValue$Entry;)Z @ 12 c2
Event: 340.041 Thread 0x000001e2b92e1800 Uncommon trap: reason=intrinsic_or_type_checked_inlining action=make_not_entrant pc=0x000001e2aceec640 method=java.util.ArrayList.toArray([Ljava/lang/Object;)[Ljava/lang/Object; @ 36 c2
Event: 340.282 Thread 0x000001e2bb10c000 Uncommon trap: reason=class_check action=maybe_recompile pc=0x000001e2ace44564 method=java.io.BufferedInputStream.read1([BII)I @ 39 c2
Event: 340.388 Thread 0x000001e2bb10c000 Uncommon trap: reason=class_check action=maybe_recompile pc=0x000001e2ace44564 method=java.io.BufferedInputStream.read1([BII)I @ 39 c2
Event: 340.591 Thread 0x000001e2bb109000 Uncommon trap: reason=class_check action=maybe_recompile pc=0x000001e2acd172d4 method=java.lang.Throwable.<init>(Ljava/lang/String;Ljava/lang/Throwable;)V @ 24 c2
Event: 344.334 Thread 0x000001e2b8458800 Uncommon trap: reason=class_check action=maybe_recompile pc=0x000001e2acda5d4c method=jdk.internal.ref.PhantomCleanable.clean()V @ 12 c2
Event: 344.334 Thread 0x000001e2b8458800 Uncommon trap: reason=class_check action=maybe_recompile pc=0x000001e2acda5d4c method=jdk.internal.ref.PhantomCleanable.clean()V @ 12 c2
Event: 361.134 Thread 0x000001e2ba959000 Uncommon trap: reason=unstable_if action=reinterpret pc=0x000001e2acd5f590 method=java.lang.ClassValue.match(Ljava/lang/ClassValue$Entry;)Z @ 12 c2
Event: 361.437 Thread 0x000001e2bb112800 Uncommon trap: reason=unstable_if action=reinterpret pc=0x000001e2acd0ff7c method=java.util.jar.Manifest$FastInputStream.readLine([BII)I @ 130 c2
Event: 361.944 Thread 0x000001e2ba958000 Uncommon trap: reason=class_check action=maybe_recompile pc=0x000001e2acd172d4 method=java.lang.Throwable.<init>(Ljava/lang/String;Ljava/lang/Throwable;)V @ 24 c2

Classes redefined (0 events):
No events

Internal exceptions (10 events):
Event: 361.219 Thread 0x000001e2ba959000 Exception <a 'java/lang/ClassNotFoundException'{0x00000000ec8d0020}: org/gradle/api/internal/tasks/DefaultTaskCollectionBeanInfo> (0x00000000ec8d0020) thrown at [./open/src/hotspot/share/classfile/systemDictionary.cpp, line 228]
Event: 361.220 Thread 0x000001e2ba959000 Exception <a 'java/lang/ClassNotFoundException'{0x00000000ec8e61c0}: org/gradle/api/internal/tasks/DefaultTaskCollectionCustomizer> (0x00000000ec8e61c0) thrown at [./open/src/hotspot/share/classfile/systemDictionary.cpp, line 228]
Event: 361.225 Thread 0x000001e2ba959000 Exception <a 'java/lang/ClassNotFoundException'{0x00000000ec7260b8}: org/gradle/api/internal/tasks/DefaultTaskContainerCustomizer> (0x00000000ec7260b8) thrown at [./open/src/hotspot/share/classfile/systemDictionary.cpp, line 228]
Event: 361.232 Thread 0x000001e2ba959000 Exception <a 'java/lang/ClassNotFoundException'{0x00000000ec787000}: org/gradle/api/internal/tasks/DefaultTaskContainer_DecoratedCustomizer> (0x00000000ec787000) thrown at [./open/src/hotspot/share/classfile/systemDictionary.cpp, line 228]
Event: 361.440 Thread 0x000001e2bb112800 Exception <a 'java/lang/ClassNotFoundException'{0x00000000ec373ef8}: com/intellij/openapi/externalSystem/rt/execution/ForkedDebuggerHelperBeanInfo> (0x00000000ec373ef8) thrown at [./open/src/hotspot/share/classfile/systemDictionary.cpp, line 228]
Event: 361.441 Thread 0x000001e2bb112800 Exception <a 'java/lang/ClassNotFoundException'{0x00000000ec37d170}: com/intellij/openapi/externalSystem/rt/execution/ForkedDebuggerHelperCustomizer> (0x00000000ec37d170) thrown at [./open/src/hotspot/share/classfile/systemDictionary.cpp, line 228]
Event: 361.939 Thread 0x000001e2bb10f800 Exception <a 'java/io/IOException'{0x00000000ec1eca48}> (0x00000000ec1eca48) thrown at [./open/src/hotspot/share/prims/jni.cpp, line 611]
Event: 361.942 Thread 0x000001e2ba956800 Exception <a 'java/io/IOException'{0x00000000ec166538}> (0x00000000ec166538) thrown at [./open/src/hotspot/share/prims/jni.cpp, line 611]
Event: 361.943 Thread 0x000001e2ba958000 Exception <a 'java/lang/reflect/InvocationTargetException'{0x00000000ec19d5e0}> (0x00000000ec19d5e0) thrown at [./open/src/hotspot/share/runtime/reflection.cpp, line 1242]
Event: 361.955 Thread 0x000001e2bb112800 Exception <a 'java/lang/reflect/InvocationTargetException'{0x00000000ec093b10}> (0x00000000ec093b10) thrown at [./open/src/hotspot/share/runtime/reflection.cpp, line 1242]

Events (10 events):
Event: 361.964 Thread 0x000001e2bb113800 Thread exited: 0x000001e2bb113800
Event: 361.965 Executing VM operation: RevokeBias
Event: 361.965 Executing VM operation: RevokeBias done
Event: 361.966 Thread 0x000001e2bb112800 Thread exited: 0x000001e2bb112800
Event: 361.977 Executing VM operation: RevokeBias
Event: 361.978 Executing VM operation: RevokeBias done
Event: 361.978 Thread 0x000001e2bb110000 Thread exited: 0x000001e2bb110000
Event: 361.980 Executing VM operation: RevokeBias
Event: 361.980 Executing VM operation: RevokeBias done
Event: 361.981 Executing VM operation: RevokeBias


Dynamic libraries:
0x00007ff648a30000 - 0x00007ff648a3f000 	C:\Program Files\Java\jdk-11.0.11\bin\java.exe
0x00007ffed1f60000 - 0x00007ffed2150000 	C:\Windows\SYSTEM32\ntdll.dll
0x00007ffed0cc0000 - 0x00007ffed0d72000 	C:\Windows\System32\KERNEL32.DLL
0x00007ffecf1d0000 - 0x00007ffecf473000 	C:\Windows\System32\KERNELBASE.dll
0x00007ffecf760000 - 0x00007ffecf85a000 	C:\Windows\System32\ucrtbase.dll
0x00007ffec9140000 - 0x00007ffec9158000 	C:\Program Files\Java\jdk-11.0.11\bin\jli.dll
0x00007ffecb790000 - 0x00007ffecb7a5000 	C:\Program Files\Java\jdk-11.0.11\bin\VCRUNTIME140.dll
0x00007ffed1c60000 - 0x00007ffed1d03000 	C:\Windows\System32\ADVAPI32.dll
0x00007ffed0aa0000 - 0x00007ffed0b3e000 	C:\Windows\System32\msvcrt.dll
0x00007ffed01b0000 - 0x00007ffed0247000 	C:\Windows\System32\sechost.dll
0x00007ffed0090000 - 0x00007ffed01b0000 	C:\Windows\System32\RPCRT4.dll
0x00007ffed0eb0000 - 0x00007ffed1044000 	C:\Windows\System32\USER32.dll
0x00007ffecf0a0000 - 0x00007ffecf0c1000 	C:\Windows\System32\win32u.dll
0x00007ffed10d0000 - 0x00007ffed10f6000 	C:\Windows\System32\GDI32.dll
0x00007ffec1160000 - 0x00007ffec13e5000 	C:\Windows\WinSxS\amd64_microsoft.windows.common-controls_6595b64144ccf1df_6.0.18362.418_none_e6c6b287130d565d\COMCTL32.dll
0x00007ffecf520000 - 0x00007ffecf6b4000 	C:\Windows\System32\gdi32full.dll
0x00007ffecf6c0000 - 0x00007ffecf75e000 	C:\Windows\System32\msvcp_win.dll
0x00007ffec5420000 - 0x00007ffec542a000 	C:\Windows\SYSTEM32\VERSION.dll
0x00007ffed0250000 - 0x00007ffed0586000 	C:\Windows\System32\combase.dll
0x00007ffecf4a0000 - 0x00007ffecf520000 	C:\Windows\System32\bcryptPrimitives.dll
0x00007ffed08b0000 - 0x00007ffed08de000 	C:\Windows\System32\IMM32.DLL
0x00007ffeb0a50000 - 0x00007ffeb0aeb000 	C:\Program Files\Java\jdk-11.0.11\bin\msvcp140.dll
0x00007ffea41a0000 - 0x00007ffea4c9e000 	C:\Program Files\Java\jdk-11.0.11\bin\server\jvm.dll
0x00007ffed08a0000 - 0x00007ffed08a8000 	C:\Windows\System32\PSAPI.DLL
0x00007ffec9060000 - 0x00007ffec9069000 	C:\Windows\SYSTEM32\WSOCK32.dll
0x00007ffecbaf0000 - 0x00007ffecbb14000 	C:\Windows\SYSTEM32\WINMM.dll
0x00007ffecbac0000 - 0x00007ffecbaed000 	C:\Windows\SYSTEM32\winmmbase.dll
0x00007ffecf0d0000 - 0x00007ffecf11a000 	C:\Windows\System32\cfgmgr32.dll
0x00007ffed1e50000 - 0x00007ffed1ebf000 	C:\Windows\System32\ws2_32.DLL
0x00007ffeceed0000 - 0x00007ffeceee1000 	C:\Windows\System32\kernel.appcore.dll
0x00007ffecb780000 - 0x00007ffecb790000 	C:\Program Files\Java\jdk-11.0.11\bin\verify.dll
0x00007ffec8d40000 - 0x00007ffec8f34000 	C:\Windows\SYSTEM32\DBGHELP.DLL
0x00007ffec8d10000 - 0x00007ffec8d3a000 	C:\Windows\SYSTEM32\dbgcore.DLL
0x00007ffec6cb0000 - 0x00007ffec6cd8000 	C:\Program Files\Java\jdk-11.0.11\bin\java.dll
0x00007ffecb690000 - 0x00007ffecb69a000 	C:\Program Files\Java\jdk-11.0.11\bin\jimage.dll
0x00007ffec8f60000 - 0x00007ffec8f76000 	C:\Program Files\Java\jdk-11.0.11\bin\zip.dll
0x00007ffed1570000 - 0x00007ffed1c55000 	C:\Windows\System32\SHELL32.dll
0x00007ffed0e00000 - 0x00007ffed0ea9000 	C:\Windows\System32\shcore.dll
0x00007ffecf890000 - 0x00007ffed000f000 	C:\Windows\System32\windows.storage.dll
0x00007ffecee60000 - 0x00007ffecee7f000 	C:\Windows\System32\profapi.dll
0x00007ffecee80000 - 0x00007ffeceeca000 	C:\Windows\System32\powrprof.dll
0x00007ffecee30000 - 0x00007ffecee40000 	C:\Windows\System32\UMPDC.dll
0x00007ffed0da0000 - 0x00007ffed0df2000 	C:\Windows\System32\shlwapi.dll
0x00007ffecf480000 - 0x00007ffecf497000 	C:\Windows\System32\cryptsp.dll
0x00007ffec5490000 - 0x00007ffec54a9000 	C:\Program Files\Java\jdk-11.0.11\bin\net.dll
0x00007ffec18d0000 - 0x00007ffec19c0000 	C:\Windows\SYSTEM32\WINHTTP.dll
0x00007ffece6a0000 - 0x00007ffece707000 	C:\Windows\system32\mswsock.dll
0x00007ffebff50000 - 0x00007ffebff62000 	C:\Program Files\Java\jdk-11.0.11\bin\nio.dll
0x00007ffebffd0000 - 0x00007ffebfff7000 	C:\Users\Shweta\.gradle\native\fdc75f09e3144964f2cf3f50f0aa648679c211496f362492102eb8c894070792\windows-amd64\native-platform.dll
0x00007ffea6190000 - 0x00007ffea6326000 	C:\Users\Shweta\.gradle\native\12488b8bf47d2d4c9fbf2f6322a914ad602e24e48041cd04a747c6da556b65c4\windows-amd64\native-platform-file-events.dll
0x00007ffec8c20000 - 0x00007ffec8c29000 	C:\Program Files\Java\jdk-11.0.11\bin\management.dll
0x00007ffec84d0000 - 0x00007ffec84db000 	C:\Program Files\Java\jdk-11.0.11\bin\management_ext.dll
0x00007ffece210000 - 0x00007ffece243000 	C:\Windows\system32\rsaenh.dll
0x00007ffecf860000 - 0x00007ffecf886000 	C:\Windows\System32\bcrypt.dll
0x00007ffeced50000 - 0x00007ffeced75000 	C:\Windows\SYSTEM32\USERENV.dll
0x00007ffece870000 - 0x00007ffece87c000 	C:\Windows\SYSTEM32\CRYPTBASE.dll
0x00007ffece3b0000 - 0x00007ffece3ea000 	C:\Windows\SYSTEM32\IPHLPAPI.DLL
0x00007ffed0660000 - 0x00007ffed0668000 	C:\Windows\System32\NSI.dll
0x00007ffec55e0000 - 0x00007ffec55f6000 	C:\Windows\SYSTEM32\dhcpcsvc6.DLL
0x00007ffec5620000 - 0x00007ffec563c000 	C:\Windows\SYSTEM32\dhcpcsvc.DLL
0x00007ffece3f0000 - 0x00007ffece4ba000 	C:\Windows\SYSTEM32\DNSAPI.dll
0x00007ffec5cc0000 - 0x00007ffec5ccb000 	C:\Windows\SYSTEM32\WINNSI.DLL

dbghelp: loaded successfully - version: 4.0.5 - missing functions: none
symbol engine: initialized successfully - sym options: 0x614 - pdb path: .;C:\Program Files\Java\jdk-11.0.11\bin;C:\Windows\SYSTEM32;C:\Windows\WinSxS\amd64_microsoft.windows.common-controls_6595b64144ccf1df_6.0.18362.418_none_e6c6b287130d565d;C:\Program Files\Java\jdk-11.0.11\bin\server;C:\Users\Shweta\.gradle\native\fdc75f09e3144964f2cf3f50f0aa648679c211496f362492102eb8c894070792\windows-amd64;C:\Users\Shweta\.gradle\native\12488b8bf47d2d4c9fbf2f6322a914ad602e24e48041cd04a747c6da556b65c4\windows-amd64

VM Arguments:
jvm_args: --add-opens=java.base/java.util=ALL-UNNAMED --add-opens=java.base/java.lang=ALL-UNNAMED --add-opens=java.base/java.lang.invoke=ALL-UNNAMED --add-opens=java.prefs/java.util.prefs=ALL-UNNAMED -XX:MaxMetaspaceSize=256m -XX:+HeapDumpOnOutOfMemoryError -Xms256m -Xmx512m -Dfile.encoding=windows-1252 -Duser.country=US -Duser.language=en -Duser.variant 
java_command: org.gradle.launcher.daemon.bootstrap.GradleDaemon 6.8
java_class_path (initial): C:\Users\Shweta\.gradle\wrapper\dists\gradle-6.8-bin\1jblhjyydfkclfzx1agp92nyl\gradle-6.8\lib\gradle-launcher-6.8.jar
Launcher Type: SUN_STANDARD

[Global flags]
     intx CICompilerCount                          = 3                                         {product} {ergonomic}
   size_t CompressedClassSpaceSize                 = 260046848                                 {product} {ergonomic}
     uint ConcGCThreads                            = 1                                         {product} {ergonomic}
     uint G1ConcRefinementThreads                  = 4                                         {product} {ergonomic}
   size_t G1HeapRegionSize                         = 1048576                                   {product} {ergonomic}
    uintx GCDrainStackTargetSize                   = 64                                        {product} {ergonomic}
     bool HeapDumpOnOutOfMemoryError               = true                                   {manageable} {command line}
   size_t InitialHeapSize                          = 268435456                                 {product} {command line}
   size_t MarkStackSize                            = 4194304                                   {product} {ergonomic}
   size_t MaxHeapSize                              = 536870912                                 {product} {command line}
   size_t MaxMetaspaceSize                         = 268435456                                 {product} {command line}
   size_t MaxNewSize                               = 321912832                                 {product} {ergonomic}
   size_t MinHeapDeltaBytes                        = 1048576                                   {product} {ergonomic}
    uintx NonNMethodCodeHeapSize                   = 5830732                                {pd product} {ergonomic}
    uintx NonProfiledCodeHeapSize                  = 122913754                              {pd product} {ergonomic}
    uintx ProfiledCodeHeapSize                     = 122913754                              {pd product} {ergonomic}
    uintx ReservedCodeCacheSize                    = 251658240                              {pd product} {ergonomic}
     bool SegmentedCodeCache                       = true                                      {product} {ergonomic}
     bool UseCompressedClassPointers               = true                                 {lp64_product} {ergonomic}
     bool UseCompressedOops                        = true                                 {lp64_product} {ergonomic}
     bool UseG1GC                                  = true                                      {product} {ergonomic}
     bool UseLargePagesIndividualAllocation        = false                                  {pd product} {ergonomic}

Logging:
Log output configuration:
 #0: stdout all=warning uptime,level,tags
 #1: stderr all=off uptime,level,tags

Environment Variables:
JAVA_HOME=C:\Program Files\Java\jdk-11.0.11
PATH=C:\Windows\system32;C:\Windows;C:\Windows\System32\Wbem;C:\Windows\System32\WindowsPowerShell\v1.0\;C:\Windows\System32\OpenSSH\;C:\Program Files\Git\cmd;C:\Program Files\Java\jdk-11.0.11\bin;C:\Program Files\MySQL\MySQL Shell 8.0\bin\;C:\Users\Shweta\AppData\Local\Microsoft\WindowsApps;;C:\Program Files\JetBrains\IntelliJ IDEA Community Edition 2021.1.2\bin;
USERNAME=Shweta
OS=Windows_NT
PROCESSOR_IDENTIFIER=Intel64 Family 6 Model 69 Stepping 1, GenuineIntel



---------------  S Y S T E M  ---------------

OS: Windows 10 , 64 bit Build 18362 (10.0.18362.329)

CPU:total 4 (initial active 4) (2 cores per cpu, 2 threads per core) family 6 model 69 stepping 1 microcode 0x24, cmov, cx8, fxsr, mmx, sse, sse2, sse3, ssse3, sse4.1, sse4.2, popcnt, avx, avx2, aes, clmul, erms, lzcnt, ht, tsc, tscinvbit, bmi1, bmi2, fma

Memory: 4k page, system-wide physical 3999M (76M free)
TotalPageFile size 6344M (AvailPageFile size 7M)
current process WorkingSet (physical memory assigned to process): 302M, peak: 357M
current process commit charge ("private bytes"): 476M, peak: 479M

vm_info: Java HotSpot(TM) 64-Bit Server VM (11.0.11+9-LTS-194) for windows-amd64 JRE (11.0.11+9-LTS-194), built on Mar 18 2021 18:46:53 by "mach5one" with MS VC++ 15.9 (VS2017)

END.
