#
# There is insufficient memory for the Java Runtime Environment to continue.
# Native memory allocation (malloc) failed to allocate 818816 bytes for Chunk::new
# Possible reasons:
#   The system is out of physical RAM or swap space
#   The process is running with CompressedOops enabled, and the Java Heap may be blocking the growth of the native heap
# Possible solutions:
#   Reduce memory load on the system
#   Increase physical memory or swap space
#   Check if swap backing store is full
#   Decrease Java heap size (-Xmx/-Xms)
#   Decrease number of Java threads
#   Decrease Java thread stack sizes (-Xss)
#   Set larger code cache with -XX:ReservedCodeCacheSize=
#   JVM is running with Unscaled Compressed Oops mode in which the Java heap is
#     placed in the first 4GB address space. The Java Heap base address is the
#     maximum limit for the native heap growth. Please use -XX:HeapBaseMinAddress
#     to set the Java Heap base and to place the Java Heap above 4GB virtual address.
# This output file may be truncated or incomplete.
#
#  Out of Memory Error (./open/src/hotspot/share/memory/arena.cpp:197), pid=1860, tid=3568
#
# JRE version: Java(TM) SE Runtime Environment 18.9 (11.0.11+9) (build 11.0.11+9-LTS-194)
# Java VM: Java HotSpot(TM) 64-Bit Server VM 18.9 (11.0.11+9-LTS-194, mixed mode, tiered, compressed oops, g1 gc, windows-amd64)
# No core dump will be written. Minidumps are not enabled by default on client versions of Windows
#

---------------  S U M M A R Y ------------

Command Line: --add-opens=java.base/java.util=ALL-UNNAMED --add-opens=java.base/java.lang=ALL-UNNAMED --add-opens=java.base/java.lang.invoke=ALL-UNNAMED --add-opens=java.prefs/java.util.prefs=ALL-UNNAMED -XX:MaxMetaspaceSize=256m -XX:+HeapDumpOnOutOfMemoryError -Xms256m -Xmx512m -Dfile.encoding=windows-1252 -Duser.country=US -Duser.language=en -Duser.variant org.gradle.launcher.daemon.bootstrap.GradleDaemon 6.8

Host: Intel(R) Core(TM) i3-4005U CPU @ 1.70GHz, 4 cores, 3G,  Windows 10 , 64 bit Build 18362 (10.0.18362.329)
Time: Sun Jun 27 22:28:27 2021 India Standard Time elapsed time: 9.278345 seconds (0d 0h 0m 9s)

---------------  T H R E A D  ---------------

Current thread (0x000001e3fd140800):  JavaThread "C2 CompilerThread0" daemon [_thread_in_native, id=3568, stack(0x000000784bf00000,0x000000784c000000)]


Current CompileTask:
C2:   9278 3102       4       groovy.lang.MetaClassImpl$1MOPIter::methodNameAction (325 bytes)

Stack: [0x000000784bf00000,0x000000784c000000]
Native frames: (J=compiled Java code, j=interpreted, Vv=VM code, C=native code)
V  [jvm.dll+0x616f2a]
V  [jvm.dll+0x74de7f]
V  [jvm.dll+0x74f505]
V  [jvm.dll+0x74fb83]
V  [jvm.dll+0x2436d8]
V  [jvm.dll+0xba68c]
V  [jvm.dll+0xbad8c]
V  [jvm.dll+0x2b3ee4]
V  [jvm.dll+0x52c0f6]
V  [jvm.dll+0x20506d]
V  [jvm.dll+0x1ff0aa]
V  [jvm.dll+0x1fc10f]
V  [jvm.dll+0x17f0bc]
V  [jvm.dll+0x20b68c]
V  [jvm.dll+0x20978b]
V  [jvm.dll+0x7152c9]
V  [jvm.dll+0x70dfc4]
V  [jvm.dll+0x6160f6]
C  [ucrtbase.dll+0x20e72]
C  [KERNEL32.DLL+0x17bd4]
C  [ntdll.dll+0x6ced1]


---------------  P R O C E S S  ---------------

Threads class SMR info:
_java_thread_list=0x000001e399a9c270, length=31, elements={
0x000001e3f983a000, 0x000001e3fd120800, 0x000001e3fd129800, 0x000001e3fd13c800,
0x000001e3fd13d800, 0x000001e3fd140800, 0x000001e3fd141800, 0x000001e3fda99000,
0x000001e3fdbf5000, 0x000001e3fdc02000, 0x000001e3feb00000, 0x000001e3fe93b000,
0x000001e3ff0ee800, 0x000001e3feea3800, 0x000001e3ff33b800, 0x000001e3ff10b800,
0x000001e3977ff000, 0x000001e3feeb8800, 0x000001e3feeb9000, 0x000001e3ff6a4800,
0x000001e3976bf000, 0x000001e3976be800, 0x000001e3976c4000, 0x000001e3976c5000,
0x000001e3976c2800, 0x000001e3976c3000, 0x000001e3976c0000, 0x000001e3976c1000,
0x000001e3976c1800, 0x000001e3975d1000, 0x000001e3975ce800
}

Java Threads: ( => current thread )
  0x000001e3f983a000 JavaThread "main" [_thread_blocked, id=8384, stack(0x000000784b400000,0x000000784b500000)]
  0x000001e3fd120800 JavaThread "Reference Handler" daemon [_thread_blocked, id=6004, stack(0x000000784bb00000,0x000000784bc00000)]
  0x000001e3fd129800 JavaThread "Finalizer" daemon [_thread_blocked, id=10004, stack(0x000000784bc00000,0x000000784bd00000)]
  0x000001e3fd13c800 JavaThread "Signal Dispatcher" daemon [_thread_blocked, id=3660, stack(0x000000784bd00000,0x000000784be00000)]
  0x000001e3fd13d800 JavaThread "Attach Listener" daemon [_thread_blocked, id=7336, stack(0x000000784be00000,0x000000784bf00000)]
=>0x000001e3fd140800 JavaThread "C2 CompilerThread0" daemon [_thread_in_native, id=3568, stack(0x000000784bf00000,0x000000784c000000)]
  0x000001e3fd141800 JavaThread "C1 CompilerThread0" daemon [_thread_blocked, id=2168, stack(0x000000784c000000,0x000000784c100000)]
  0x000001e3fda99000 JavaThread "Sweeper thread" daemon [_thread_blocked, id=7592, stack(0x000000784c100000,0x000000784c200000)]
  0x000001e3fdbf5000 JavaThread "Common-Cleaner" daemon [_thread_blocked, id=9856, stack(0x000000784c200000,0x000000784c300000)]
  0x000001e3fdc02000 JavaThread "Service Thread" daemon [_thread_blocked, id=7436, stack(0x000000784c300000,0x000000784c400000)]
  0x000001e3feb00000 JavaThread "Daemon health stats" [_thread_blocked, id=9096, stack(0x000000784c800000,0x000000784c900000)]
  0x000001e3fe93b000 JavaThread "Incoming local TCP Connector on port 62918" [_thread_in_native, id=4736, stack(0x000000784cb00000,0x000000784cc00000)]
  0x000001e3ff0ee800 JavaThread "Daemon periodic checks" [_thread_blocked, id=7884, stack(0x000000784cc00000,0x000000784cd00000)]
  0x000001e3feea3800 JavaThread "Daemon" [_thread_blocked, id=2524, stack(0x000000784cd00000,0x000000784ce00000)]
  0x000001e3ff33b800 JavaThread "Handler for socket connection from /127.0.0.1:62918 to /127.0.0.1:62919" [_thread_in_native, id=3504, stack(0x000000784ce00000,0x000000784cf00000)]
  0x000001e3ff10b800 JavaThread "Cancel handler" [_thread_blocked, id=7660, stack(0x000000784cf00000,0x000000784d000000)]
  0x000001e3977ff000 JavaThread "Daemon worker" [_thread_blocked, id=2960, stack(0x000000784d000000,0x000000784d100000)]
  0x000001e3feeb8800 JavaThread "Asynchronous log dispatcher for DefaultDaemonConnection: socket connection from /127.0.0.1:62918 to /127.0.0.1:62919" [_thread_blocked, id=9660, stack(0x000000784d100000,0x000000784d200000)]
  0x000001e3feeb9000 JavaThread "Stdin handler" [_thread_blocked, id=920, stack(0x000000784d200000,0x000000784d300000)]
  0x000001e3ff6a4800 JavaThread "Daemon client event forwarder" [_thread_blocked, id=2064, stack(0x000000784d300000,0x000000784d400000)]
  0x000001e3976bf000 JavaThread "Cache worker for file hash cache (C:\Users\Shweta\.gradle\caches\6.8\fileHashes)" [_thread_blocked, id=7992, stack(0x000000784d400000,0x000000784d500000)]
  0x000001e3976be800 JavaThread "File lock request listener" [_thread_in_native, id=10148, stack(0x000000784d500000,0x000000784d600000)]
  0x000001e3976c4000 JavaThread "Cache worker for journal cache (C:\Users\Shweta\.gradle\caches\journal-1)" [_thread_blocked, id=2896, stack(0x000000784d600000,0x000000784d700000)]
  0x000001e3976c5000 JavaThread "Cache worker for file hash cache (C:\Users\Shweta\IdeaProjects\IndianCensusAnalyser\.gradle\6.8\fileHashes)" [_thread_blocked, id=8280, stack(0x000000784d700000,0x000000784d800000)]
  0x000001e3976c2800 JavaThread "Cache worker for checksums cache (C:\Users\Shweta\IdeaProjects\IndianCensusAnalyser\.gradle\checksums)" [_thread_blocked, id=6928, stack(0x000000784d800000,0x000000784d900000)]
  0x000001e3976c3000 JavaThread "Cache worker for cache directory md-supplier (C:\Users\Shweta\.gradle\caches\6.8\md-supplier)" [_thread_blocked, id=7724, stack(0x000000784d900000,0x000000784da00000)]
  0x000001e3976c0000 JavaThread "Cache worker for cache directory md-rule (C:\Users\Shweta\.gradle\caches\6.8\md-rule)" [_thread_blocked, id=9912, stack(0x000000784da00000,0x000000784db00000)]
  0x000001e3976c1000 JavaThread "Cache worker for execution history cache (C:\Users\Shweta\.gradle\caches\6.8\executionHistory)" [_thread_blocked, id=3592, stack(0x000000784db00000,0x000000784dc00000)]
  0x000001e3976c1800 JavaThread "jar transforms" [_thread_blocked, id=5936, stack(0x000000784dc00000,0x000000784dd00000)]
  0x000001e3975d1000 JavaThread "Cache worker for file content cache (C:\Users\Shweta\.gradle\caches\6.8\fileContent)" [_thread_blocked, id=8696, stack(0x000000784dd00000,0x000000784de00000)]
  0x000001e3975ce800 JavaThread "Cache worker for Build Output Cleanup Cache (C:\Users\Shweta\IdeaProjects\IndianCensusAnalyser\.gradle\buildOutputCleanup)" [_thread_blocked, id=6484, stack(0x000000784de00000,0x000000784df00000)]

Other Threads:
  0x000001e3fd0fb000 VMThread "VM Thread" [stack: 0x000000784ba00000,0x000000784bb00000] [id=6268]
  0x000001e3fdc03000 WatcherThread [stack: 0x000000784c400000,0x000000784c500000] [id=6900]
  0x000001e3f9852000 GCTaskThread "GC Thread#0" [stack: 0x000000784b500000,0x000000784b600000] [id=7388]
  0x000001e3fe35e800 GCTaskThread "GC Thread#1" [stack: 0x000000784c500000,0x000000784c600000] [id=4704]
  0x000001e3fe368000 GCTaskThread "GC Thread#2" [stack: 0x000000784c600000,0x000000784c700000] [id=8584]
  0x000001e3fe385000 GCTaskThread "GC Thread#3" [stack: 0x000000784c700000,0x000000784c800000] [id=4684]
  0x000001e3f9863800 ConcurrentGCThread "G1 Main Marker" [stack: 0x000000784b600000,0x000000784b700000] [id=9624]
  0x000001e3f9865800 ConcurrentGCThread "G1 Conc#0" [stack: 0x000000784b700000,0x000000784b800000] [id=3628]
  0x000001e3fcf9a800 ConcurrentGCThread "G1 Refine#0" [stack: 0x000000784b800000,0x000000784b900000] [id=2184]
  0x000001e3fcf9b800 ConcurrentGCThread "G1 Young RemSet Sampling" [stack: 0x000000784b900000,0x000000784ba00000] [id=7584]

Threads with active compile tasks:
C2 CompilerThread0   9385 3102       4       groovy.lang.MetaClassImpl$1MOPIter::methodNameAction (325 bytes)

VM state:at safepoint (normal execution)

VM Mutex/Monitor currently owned by a thread:  ([mutex/lock_event])
[0x000001e3f9836bb0] Threads_lock - owner thread: 0x000001e3fd0fb000
[0x000001e3f9837660] Heap_lock - owner thread: 0x000001e3977ff000

Heap address: 0x00000000e0000000, size: 512 MB, Compressed Oops mode: 32-bit
Narrow klass base: 0x0000000000000000, Narrow klass shift: 3
Compressed class space size: 260046848 Address: 0x0000000100000000

Heap:
 garbage-first heap   total 262144K, used 25496K [0x00000000e0000000, 0x0000000100000000)
  region size 1024K, 10 young (10240K), 10 survivors (10240K)
 Metaspace       used 41418K, capacity 42354K, committed 42492K, reserved 299008K
  class space    used 5317K, capacity 5683K, committed 5760K, reserved 253952K
Heap Regions: E=young(eden), S=young(survivor), O=old, HS=humongous(starts), HC=humongous(continues), CS=collection set, F=free, A=archive, TAMS=top-at-mark-start (previous, next)
|   0|0x00000000e0000000, 0x00000000e0100000, 0x00000000e0100000|100%| O|  |TAMS 0x00000000e0100000, 0x00000000e0100000| Untracked 
|   1|0x00000000e0100000, 0x00000000e0200000, 0x00000000e0200000|100%| O|  |TAMS 0x00000000e0200000, 0x00000000e0200000| Untracked 
|   2|0x00000000e0200000, 0x00000000e0300000, 0x00000000e0300000|100%| O|  |TAMS 0x00000000e0300000, 0x00000000e0300000| Untracked 
|   3|0x00000000e0300000, 0x00000000e0400000, 0x00000000e0400000|100%|HS|  |TAMS 0x00000000e0400000, 0x00000000e0400000| Complete 
|   4|0x00000000e0400000, 0x00000000e0500000, 0x00000000e0500000|100%|HC|  |TAMS 0x00000000e0500000, 0x00000000e0500000| Complete 
|   5|0x00000000e0500000, 0x00000000e0600000, 0x00000000e0600000|100%|HC|  |TAMS 0x00000000e0600000, 0x00000000e0600000| Complete 
|   6|0x00000000e0600000, 0x00000000e0700000, 0x00000000e0700000|100%| O|  |TAMS 0x00000000e0700000, 0x00000000e0700000| Untracked 
|   7|0x00000000e0700000, 0x00000000e0800000, 0x00000000e0800000|100%| O|  |TAMS 0x00000000e0800000, 0x00000000e0800000| Untracked 
|   8|0x00000000e0800000, 0x00000000e0900000, 0x00000000e0900000|100%| O|  |TAMS 0x00000000e0900000, 0x00000000e0900000| Untracked 
|   9|0x00000000e0900000, 0x00000000e0a00000, 0x00000000e0a00000|100%| O|  |TAMS 0x00000000e0a00000, 0x00000000e0a00000| Untracked 
|  10|0x00000000e0a00000, 0x00000000e0b00000, 0x00000000e0b00000|100%| O|  |TAMS 0x00000000e0b00000, 0x00000000e0b00000| Untracked 
|  11|0x00000000e0b00000, 0x00000000e0c00000, 0x00000000e0c00000|100%| O|  |TAMS 0x00000000e0c00000, 0x00000000e0c00000| Untracked 
|  12|0x00000000e0c00000, 0x00000000e0d00000, 0x00000000e0d00000|100%| O|  |TAMS 0x00000000e0cb3a00, 0x00000000e0d00000| Untracked 
|  13|0x00000000e0d00000, 0x00000000e0d00000, 0x00000000e0e00000|  0%| F|  |TAMS 0x00000000e0d00000, 0x00000000e0d00000| Untracked 
|  14|0x00000000e0e00000, 0x00000000e0e00000, 0x00000000e0f00000|  0%| F|  |TAMS 0x00000000e0e00000, 0x00000000e0e00000| Untracked 
|  15|0x00000000e0f00000, 0x00000000e0f00000, 0x00000000e1000000|  0%| F|  |TAMS 0x00000000e0f00000, 0x00000000e0f00000| Untracked 
|  16|0x00000000e1000000, 0x00000000e1000000, 0x00000000e1100000|  0%| F|  |TAMS 0x00000000e1000000, 0x00000000e1000000| Untracked 
|  17|0x00000000e1100000, 0x00000000e1200000, 0x00000000e1200000|100%| O|  |TAMS 0x00000000e1100000, 0x00000000e1200000| Untracked 
|  18|0x00000000e1200000, 0x00000000e1300000, 0x00000000e1300000|100%| O|  |TAMS 0x00000000e1200000, 0x00000000e1300000| Untracked 
|  19|0x00000000e1300000, 0x00000000e1389000, 0x00000000e1400000| 53%| O|  |TAMS 0x00000000e1300000, 0x00000000e1389000| Untracked 
|  20|0x00000000e1400000, 0x00000000e1400000, 0x00000000e1500000|  0%| F|  |TAMS 0x00000000e1400000, 0x00000000e1400000| Untracked 
|  21|0x00000000e1500000, 0x00000000e1500000, 0x00000000e1600000|  0%| F|  |TAMS 0x00000000e1500000, 0x00000000e1500000| Untracked 
|  22|0x00000000e1600000, 0x00000000e1600000, 0x00000000e1700000|  0%| F|  |TAMS 0x00000000e1600000, 0x00000000e1600000| Untracked 
|  23|0x00000000e1700000, 0x00000000e1700000, 0x00000000e1800000|  0%| F|  |TAMS 0x00000000e1700000, 0x00000000e1700000| Untracked 
|  24|0x00000000e1800000, 0x00000000e1800000, 0x00000000e1900000|  0%| F|  |TAMS 0x00000000e1800000, 0x00000000e1800000| Untracked 
|  25|0x00000000e1900000, 0x00000000e1900000, 0x00000000e1a00000|  0%| F|  |TAMS 0x00000000e1900000, 0x00000000e1900000| Untracked 
|  26|0x00000000e1a00000, 0x00000000e1a00000, 0x00000000e1b00000|  0%| F|  |TAMS 0x00000000e1a00000, 0x00000000e1a00000| Untracked 
|  27|0x00000000e1b00000, 0x00000000e1b00000, 0x00000000e1c00000|  0%| F|  |TAMS 0x00000000e1b00000, 0x00000000e1b00000| Untracked 
|  28|0x00000000e1c00000, 0x00000000e1c00000, 0x00000000e1d00000|  0%| F|  |TAMS 0x00000000e1c00000, 0x00000000e1c00000| Untracked 
|  29|0x00000000e1d00000, 0x00000000e1d00000, 0x00000000e1e00000|  0%| F|  |TAMS 0x00000000e1d00000, 0x00000000e1d00000| Untracked 
|  30|0x00000000e1e00000, 0x00000000e1e00000, 0x00000000e1f00000|  0%| F|  |TAMS 0x00000000e1e00000, 0x00000000e1e00000| Untracked 
|  31|0x00000000e1f00000, 0x00000000e1f00000, 0x00000000e2000000|  0%| F|  |TAMS 0x00000000e1f00000, 0x00000000e1f00000| Untracked 
|  32|0x00000000e2000000, 0x00000000e2000000, 0x00000000e2100000|  0%| F|  |TAMS 0x00000000e2000000, 0x00000000e2000000| Untracked 
|  33|0x00000000e2100000, 0x00000000e2100000, 0x00000000e2200000|  0%| F|  |TAMS 0x00000000e2100000, 0x00000000e2100000| Untracked 
|  34|0x00000000e2200000, 0x00000000e2200000, 0x00000000e2300000|  0%| F|  |TAMS 0x00000000e2200000, 0x00000000e2200000| Untracked 
|  35|0x00000000e2300000, 0x00000000e2300000, 0x00000000e2400000|  0%| F|  |TAMS 0x00000000e2300000, 0x00000000e2300000| Untracked 
|  36|0x00000000e2400000, 0x00000000e2400000, 0x00000000e2500000|  0%| F|  |TAMS 0x00000000e2400000, 0x00000000e2400000| Untracked 
|  37|0x00000000e2500000, 0x00000000e2500000, 0x00000000e2600000|  0%| F|  |TAMS 0x00000000e2500000, 0x00000000e2500000| Untracked 
|  38|0x00000000e2600000, 0x00000000e2600000, 0x00000000e2700000|  0%| F|  |TAMS 0x00000000e2600000, 0x00000000e2600000| Untracked 
|  39|0x00000000e2700000, 0x00000000e2700000, 0x00000000e2800000|  0%| F|  |TAMS 0x00000000e2700000, 0x00000000e2700000| Untracked 
|  40|0x00000000e2800000, 0x00000000e2800000, 0x00000000e2900000|  0%| F|  |TAMS 0x00000000e2800000, 0x00000000e2800000| Untracked 
|  41|0x00000000e2900000, 0x00000000e2900000, 0x00000000e2a00000|  0%| F|  |TAMS 0x00000000e2900000, 0x00000000e2900000| Untracked 
|  42|0x00000000e2a00000, 0x00000000e2a00000, 0x00000000e2b00000|  0%| F|  |TAMS 0x00000000e2a00000, 0x00000000e2a00000| Untracked 
|  43|0x00000000e2b00000, 0x00000000e2b00000, 0x00000000e2c00000|  0%| F|  |TAMS 0x00000000e2b00000, 0x00000000e2b00000| Untracked 
|  44|0x00000000e2c00000, 0x00000000e2c00000, 0x00000000e2d00000|  0%| F|  |TAMS 0x00000000e2c00000, 0x00000000e2c00000| Untracked 
|  45|0x00000000e2d00000, 0x00000000e2d00000, 0x00000000e2e00000|  0%| F|  |TAMS 0x00000000e2d00000, 0x00000000e2d00000| Untracked 
|  46|0x00000000e2e00000, 0x00000000e2e00000, 0x00000000e2f00000|  0%| F|  |TAMS 0x00000000e2e00000, 0x00000000e2e00000| Untracked 
|  47|0x00000000e2f00000, 0x00000000e2f00000, 0x00000000e3000000|  0%| F|  |TAMS 0x00000000e2f00000, 0x00000000e2f00000| Untracked 
|  48|0x00000000e3000000, 0x00000000e3000000, 0x00000000e3100000|  0%| F|  |TAMS 0x00000000e3000000, 0x00000000e3000000| Untracked 
|  49|0x00000000e3100000, 0x00000000e3100000, 0x00000000e3200000|  0%| F|  |TAMS 0x00000000e3100000, 0x00000000e3100000| Untracked 
|  50|0x00000000e3200000, 0x00000000e3200000, 0x00000000e3300000|  0%| F|  |TAMS 0x00000000e3200000, 0x00000000e3200000| Untracked 
|  51|0x00000000e3300000, 0x00000000e3300000, 0x00000000e3400000|  0%| F|  |TAMS 0x00000000e3300000, 0x00000000e3300000| Untracked 
|  52|0x00000000e3400000, 0x00000000e3400000, 0x00000000e3500000|  0%| F|  |TAMS 0x00000000e3400000, 0x00000000e3400000| Untracked 
|  53|0x00000000e3500000, 0x00000000e3500000, 0x00000000e3600000|  0%| F|  |TAMS 0x00000000e3500000, 0x00000000e3500000| Untracked 
|  54|0x00000000e3600000, 0x00000000e3600000, 0x00000000e3700000|  0%| F|  |TAMS 0x00000000e3600000, 0x00000000e3600000| Untracked 
|  55|0x00000000e3700000, 0x00000000e3700000, 0x00000000e3800000|  0%| F|  |TAMS 0x00000000e3700000, 0x00000000e3700000| Untracked 
|  56|0x00000000e3800000, 0x00000000e3800000, 0x00000000e3900000|  0%| F|  |TAMS 0x00000000e3800000, 0x00000000e3800000| Untracked 
|  57|0x00000000e3900000, 0x00000000e3900000, 0x00000000e3a00000|  0%| F|  |TAMS 0x00000000e3900000, 0x00000000e3900000| Untracked 
|  58|0x00000000e3a00000, 0x00000000e3a00000, 0x00000000e3b00000|  0%| F|  |TAMS 0x00000000e3a00000, 0x00000000e3a00000| Untracked 
|  59|0x00000000e3b00000, 0x00000000e3b00000, 0x00000000e3c00000|  0%| F|  |TAMS 0x00000000e3b00000, 0x00000000e3b00000| Untracked 
|  60|0x00000000e3c00000, 0x00000000e3c00000, 0x00000000e3d00000|  0%| F|  |TAMS 0x00000000e3c00000, 0x00000000e3c00000| Untracked 
|  61|0x00000000e3d00000, 0x00000000e3d00000, 0x00000000e3e00000|  0%| F|  |TAMS 0x00000000e3d00000, 0x00000000e3d00000| Untracked 
|  62|0x00000000e3e00000, 0x00000000e3e00000, 0x00000000e3f00000|  0%| F|  |TAMS 0x00000000e3e00000, 0x00000000e3e00000| Untracked 
|  63|0x00000000e3f00000, 0x00000000e3f00000, 0x00000000e4000000|  0%| F|  |TAMS 0x00000000e3f00000, 0x00000000e3f00000| Untracked 
|  64|0x00000000e4000000, 0x00000000e4000000, 0x00000000e4100000|  0%| F|  |TAMS 0x00000000e4000000, 0x00000000e4000000| Untracked 
|  65|0x00000000e4100000, 0x00000000e4100000, 0x00000000e4200000|  0%| F|  |TAMS 0x00000000e4100000, 0x00000000e4100000| Untracked 
|  66|0x00000000e4200000, 0x00000000e4200000, 0x00000000e4300000|  0%| F|  |TAMS 0x00000000e4200000, 0x00000000e4200000| Untracked 
|  67|0x00000000e4300000, 0x00000000e4300000, 0x00000000e4400000|  0%| F|  |TAMS 0x00000000e4300000, 0x00000000e4300000| Untracked 
|  68|0x00000000e4400000, 0x00000000e4400000, 0x00000000e4500000|  0%| F|  |TAMS 0x00000000e4400000, 0x00000000e4400000| Untracked 
|  69|0x00000000e4500000, 0x00000000e4500000, 0x00000000e4600000|  0%| F|  |TAMS 0x00000000e4500000, 0x00000000e4500000| Untracked 
|  70|0x00000000e4600000, 0x00000000e4600000, 0x00000000e4700000|  0%| F|  |TAMS 0x00000000e4600000, 0x00000000e4600000| Untracked 
|  71|0x00000000e4700000, 0x00000000e4700000, 0x00000000e4800000|  0%| F|  |TAMS 0x00000000e4700000, 0x00000000e4700000| Untracked 
|  72|0x00000000e4800000, 0x00000000e4800000, 0x00000000e4900000|  0%| F|  |TAMS 0x00000000e4800000, 0x00000000e4800000| Untracked 
|  73|0x00000000e4900000, 0x00000000e4900000, 0x00000000e4a00000|  0%| F|  |TAMS 0x00000000e4900000, 0x00000000e4900000| Untracked 
|  74|0x00000000e4a00000, 0x00000000e4a00000, 0x00000000e4b00000|  0%| F|  |TAMS 0x00000000e4a00000, 0x00000000e4a00000| Untracked 
|  75|0x00000000e4b00000, 0x00000000e4b00000, 0x00000000e4c00000|  0%| F|  |TAMS 0x00000000e4b00000, 0x00000000e4b00000| Untracked 
|  76|0x00000000e4c00000, 0x00000000e4c00000, 0x00000000e4d00000|  0%| F|  |TAMS 0x00000000e4c00000, 0x00000000e4c00000| Untracked 
|  77|0x00000000e4d00000, 0x00000000e4d00000, 0x00000000e4e00000|  0%| F|  |TAMS 0x00000000e4d00000, 0x00000000e4d00000| Untracked 
|  78|0x00000000e4e00000, 0x00000000e4e00000, 0x00000000e4f00000|  0%| F|  |TAMS 0x00000000e4e00000, 0x00000000e4e00000| Untracked 
|  79|0x00000000e4f00000, 0x00000000e4f00000, 0x00000000e5000000|  0%| F|  |TAMS 0x00000000e4f00000, 0x00000000e4f00000| Untracked 
|  80|0x00000000e5000000, 0x00000000e5000000, 0x00000000e5100000|  0%| F|  |TAMS 0x00000000e5000000, 0x00000000e5000000| Untracked 
|  81|0x00000000e5100000, 0x00000000e5100000, 0x00000000e5200000|  0%| F|  |TAMS 0x00000000e5100000, 0x00000000e5100000| Untracked 
|  82|0x00000000e5200000, 0x00000000e5200000, 0x00000000e5300000|  0%| F|  |TAMS 0x00000000e5200000, 0x00000000e5200000| Untracked 
|  83|0x00000000e5300000, 0x00000000e5300000, 0x00000000e5400000|  0%| F|  |TAMS 0x00000000e5300000, 0x00000000e5300000| Untracked 
|  84|0x00000000e5400000, 0x00000000e5400000, 0x00000000e5500000|  0%| F|  |TAMS 0x00000000e5400000, 0x00000000e5400000| Untracked 
|  85|0x00000000e5500000, 0x00000000e5500000, 0x00000000e5600000|  0%| F|  |TAMS 0x00000000e5500000, 0x00000000e5500000| Untracked 
|  86|0x00000000e5600000, 0x00000000e5600000, 0x00000000e5700000|  0%| F|  |TAMS 0x00000000e5600000, 0x00000000e5600000| Untracked 
|  87|0x00000000e5700000, 0x00000000e5700000, 0x00000000e5800000|  0%| F|  |TAMS 0x00000000e5700000, 0x00000000e5700000| Untracked 
|  88|0x00000000e5800000, 0x00000000e5800000, 0x00000000e5900000|  0%| F|  |TAMS 0x00000000e5800000, 0x00000000e5800000| Untracked 
|  89|0x00000000e5900000, 0x00000000e5900000, 0x00000000e5a00000|  0%| F|  |TAMS 0x00000000e5900000, 0x00000000e5900000| Untracked 
|  90|0x00000000e5a00000, 0x00000000e5a00000, 0x00000000e5b00000|  0%| F|  |TAMS 0x00000000e5a00000, 0x00000000e5a00000| Untracked 
|  91|0x00000000e5b00000, 0x00000000e5b00000, 0x00000000e5c00000|  0%| F|  |TAMS 0x00000000e5b00000, 0x00000000e5b00000| Untracked 
|  92|0x00000000e5c00000, 0x00000000e5c00000, 0x00000000e5d00000|  0%| F|  |TAMS 0x00000000e5c00000, 0x00000000e5c00000| Untracked 
|  93|0x00000000e5d00000, 0x00000000e5d00000, 0x00000000e5e00000|  0%| F|  |TAMS 0x00000000e5d00000, 0x00000000e5d00000| Untracked 
|  94|0x00000000e5e00000, 0x00000000e5e00000, 0x00000000e5f00000|  0%| F|  |TAMS 0x00000000e5e00000, 0x00000000e5e00000| Untracked 
|  95|0x00000000e5f00000, 0x00000000e5f00000, 0x00000000e6000000|  0%| F|  |TAMS 0x00000000e5f00000, 0x00000000e5f00000| Untracked 
|  96|0x00000000e6000000, 0x00000000e6000000, 0x00000000e6100000|  0%| F|  |TAMS 0x00000000e6000000, 0x00000000e6000000| Untracked 
|  97|0x00000000e6100000, 0x00000000e6100000, 0x00000000e6200000|  0%| F|  |TAMS 0x00000000e6100000, 0x00000000e6100000| Untracked 
|  98|0x00000000e6200000, 0x00000000e6200000, 0x00000000e6300000|  0%| F|  |TAMS 0x00000000e6200000, 0x00000000e6200000| Untracked 
|  99|0x00000000e6300000, 0x00000000e6300000, 0x00000000e6400000|  0%| F|  |TAMS 0x00000000e6300000, 0x00000000e6300000| Untracked 
| 100|0x00000000e6400000, 0x00000000e6400000, 0x00000000e6500000|  0%| F|  |TAMS 0x00000000e6400000, 0x00000000e6400000| Untracked 
| 101|0x00000000e6500000, 0x00000000e6500000, 0x00000000e6600000|  0%| F|  |TAMS 0x00000000e6500000, 0x00000000e6500000| Untracked 
| 102|0x00000000e6600000, 0x00000000e6600000, 0x00000000e6700000|  0%| F|  |TAMS 0x00000000e6600000, 0x00000000e6600000| Untracked 
| 103|0x00000000e6700000, 0x00000000e6700000, 0x00000000e6800000|  0%| F|  |TAMS 0x00000000e6700000, 0x00000000e6700000| Untracked 
| 104|0x00000000e6800000, 0x00000000e6800000, 0x00000000e6900000|  0%| F|  |TAMS 0x00000000e6800000, 0x00000000e6800000| Untracked 
| 105|0x00000000e6900000, 0x00000000e6900000, 0x00000000e6a00000|  0%| F|  |TAMS 0x00000000e6900000, 0x00000000e6900000| Untracked 
| 106|0x00000000e6a00000, 0x00000000e6a00000, 0x00000000e6b00000|  0%| F|  |TAMS 0x00000000e6a00000, 0x00000000e6a00000| Untracked 
| 107|0x00000000e6b00000, 0x00000000e6b00000, 0x00000000e6c00000|  0%| F|  |TAMS 0x00000000e6b00000, 0x00000000e6b00000| Untracked 
| 108|0x00000000e6c00000, 0x00000000e6c00000, 0x00000000e6d00000|  0%| F|  |TAMS 0x00000000e6c00000, 0x00000000e6c00000| Untracked 
| 109|0x00000000e6d00000, 0x00000000e6d00000, 0x00000000e6e00000|  0%| F|  |TAMS 0x00000000e6d00000, 0x00000000e6d00000| Untracked 
| 110|0x00000000e6e00000, 0x00000000e6e00000, 0x00000000e6f00000|  0%| F|  |TAMS 0x00000000e6e00000, 0x00000000e6e00000| Untracked 
| 111|0x00000000e6f00000, 0x00000000e6f00000, 0x00000000e7000000|  0%| F|  |TAMS 0x00000000e6f00000, 0x00000000e6f00000| Untracked 
| 112|0x00000000e7000000, 0x00000000e7000000, 0x00000000e7100000|  0%| F|  |TAMS 0x00000000e7000000, 0x00000000e7000000| Untracked 
| 113|0x00000000e7100000, 0x00000000e7100000, 0x00000000e7200000|  0%| F|  |TAMS 0x00000000e7100000, 0x00000000e7100000| Untracked 
| 114|0x00000000e7200000, 0x00000000e7200000, 0x00000000e7300000|  0%| F|  |TAMS 0x00000000e7200000, 0x00000000e7200000| Untracked 
| 115|0x00000000e7300000, 0x00000000e7300000, 0x00000000e7400000|  0%| F|  |TAMS 0x00000000e7300000, 0x00000000e7300000| Untracked 
| 116|0x00000000e7400000, 0x00000000e7400000, 0x00000000e7500000|  0%| F|  |TAMS 0x00000000e7400000, 0x00000000e7400000| Untracked 
| 117|0x00000000e7500000, 0x00000000e7500000, 0x00000000e7600000|  0%| F|  |TAMS 0x00000000e7500000, 0x00000000e7500000| Untracked 
| 118|0x00000000e7600000, 0x00000000e7600000, 0x00000000e7700000|  0%| F|  |TAMS 0x00000000e7600000, 0x00000000e7600000| Untracked 
| 119|0x00000000e7700000, 0x00000000e7700000, 0x00000000e7800000|  0%| F|  |TAMS 0x00000000e7700000, 0x00000000e7700000| Untracked 
| 120|0x00000000e7800000, 0x00000000e7800000, 0x00000000e7900000|  0%| F|  |TAMS 0x00000000e7800000, 0x00000000e7800000| Untracked 
| 121|0x00000000e7900000, 0x00000000e7900000, 0x00000000e7a00000|  0%| F|  |TAMS 0x00000000e7900000, 0x00000000e7900000| Untracked 
| 122|0x00000000e7a00000, 0x00000000e7a00000, 0x00000000e7b00000|  0%| F|  |TAMS 0x00000000e7a00000, 0x00000000e7a00000| Untracked 
| 123|0x00000000e7b00000, 0x00000000e7b00000, 0x00000000e7c00000|  0%| F|  |TAMS 0x00000000e7b00000, 0x00000000e7b00000| Untracked 
| 124|0x00000000e7c00000, 0x00000000e7c00000, 0x00000000e7d00000|  0%| F|  |TAMS 0x00000000e7c00000, 0x00000000e7c00000| Untracked 
| 125|0x00000000e7d00000, 0x00000000e7d00000, 0x00000000e7e00000|  0%| F|  |TAMS 0x00000000e7d00000, 0x00000000e7d00000| Untracked 
| 126|0x00000000e7e00000, 0x00000000e7e00000, 0x00000000e7f00000|  0%| F|  |TAMS 0x00000000e7e00000, 0x00000000e7e00000| Untracked 
| 127|0x00000000e7f00000, 0x00000000e7f00000, 0x00000000e8000000|  0%| F|  |TAMS 0x00000000e7f00000, 0x00000000e7f00000| Untracked 
| 128|0x00000000e8000000, 0x00000000e8000000, 0x00000000e8100000|  0%| F|  |TAMS 0x00000000e8000000, 0x00000000e8000000| Untracked 
| 129|0x00000000e8100000, 0x00000000e8100000, 0x00000000e8200000|  0%| F|  |TAMS 0x00000000e8100000, 0x00000000e8100000| Untracked 
| 130|0x00000000e8200000, 0x00000000e8200000, 0x00000000e8300000|  0%| F|  |TAMS 0x00000000e8200000, 0x00000000e8200000| Untracked 
| 131|0x00000000e8300000, 0x00000000e8300000, 0x00000000e8400000|  0%| F|  |TAMS 0x00000000e8300000, 0x00000000e8300000| Untracked 
| 132|0x00000000e8400000, 0x00000000e8400000, 0x00000000e8500000|  0%| F|  |TAMS 0x00000000e8400000, 0x00000000e8400000| Untracked 
| 133|0x00000000e8500000, 0x00000000e8500000, 0x00000000e8600000|  0%| F|  |TAMS 0x00000000e8500000, 0x00000000e8500000| Untracked 
| 134|0x00000000e8600000, 0x00000000e8600000, 0x00000000e8700000|  0%| F|  |TAMS 0x00000000e8600000, 0x00000000e8600000| Untracked 
| 135|0x00000000e8700000, 0x00000000e8700000, 0x00000000e8800000|  0%| F|  |TAMS 0x00000000e8700000, 0x00000000e8700000| Untracked 
| 136|0x00000000e8800000, 0x00000000e8800000, 0x00000000e8900000|  0%| F|  |TAMS 0x00000000e8800000, 0x00000000e8800000| Untracked 
| 137|0x00000000e8900000, 0x00000000e8900000, 0x00000000e8a00000|  0%| F|  |TAMS 0x00000000e8900000, 0x00000000e8900000| Untracked 
| 138|0x00000000e8a00000, 0x00000000e8a00000, 0x00000000e8b00000|  0%| F|  |TAMS 0x00000000e8a00000, 0x00000000e8a00000| Untracked 
| 139|0x00000000e8b00000, 0x00000000e8b00000, 0x00000000e8c00000|  0%| F|  |TAMS 0x00000000e8b00000, 0x00000000e8b00000| Untracked 
| 140|0x00000000e8c00000, 0x00000000e8c00000, 0x00000000e8d00000|  0%| F|  |TAMS 0x00000000e8c00000, 0x00000000e8c00000| Untracked 
| 141|0x00000000e8d00000, 0x00000000e8d00000, 0x00000000e8e00000|  0%| F|  |TAMS 0x00000000e8d00000, 0x00000000e8d00000| Untracked 
| 142|0x00000000e8e00000, 0x00000000e8e00000, 0x00000000e8f00000|  0%| F|  |TAMS 0x00000000e8e00000, 0x00000000e8e00000| Untracked 
| 143|0x00000000e8f00000, 0x00000000e8f00000, 0x00000000e9000000|  0%| F|  |TAMS 0x00000000e8f00000, 0x00000000e8f00000| Untracked 
| 144|0x00000000e9000000, 0x00000000e9000000, 0x00000000e9100000|  0%| F|  |TAMS 0x00000000e9000000, 0x00000000e9000000| Untracked 
| 145|0x00000000e9100000, 0x00000000e9100000, 0x00000000e9200000|  0%| F|  |TAMS 0x00000000e9100000, 0x00000000e9100000| Untracked 
| 146|0x00000000e9200000, 0x00000000e9200000, 0x00000000e9300000|  0%| F|  |TAMS 0x00000000e9200000, 0x00000000e9200000| Untracked 
| 147|0x00000000e9300000, 0x00000000e9300000, 0x00000000e9400000|  0%| F|  |TAMS 0x00000000e9300000, 0x00000000e9300000| Untracked 
| 148|0x00000000e9400000, 0x00000000e9400000, 0x00000000e9500000|  0%| F|  |TAMS 0x00000000e9400000, 0x00000000e9400000| Untracked 
| 149|0x00000000e9500000, 0x00000000e9500000, 0x00000000e9600000|  0%| F|  |TAMS 0x00000000e9500000, 0x00000000e9500000| Untracked 
| 150|0x00000000e9600000, 0x00000000e9600000, 0x00000000e9700000|  0%| F|  |TAMS 0x00000000e9600000, 0x00000000e9600000| Untracked 
| 151|0x00000000e9700000, 0x00000000e9700000, 0x00000000e9800000|  0%| F|  |TAMS 0x00000000e9700000, 0x00000000e9700000| Untracked 
| 152|0x00000000e9800000, 0x00000000e9800000, 0x00000000e9900000|  0%| F|  |TAMS 0x00000000e9800000, 0x00000000e9800000| Untracked 
| 153|0x00000000e9900000, 0x00000000e9900000, 0x00000000e9a00000|  0%| F|  |TAMS 0x00000000e9900000, 0x00000000e9900000| Untracked 
| 154|0x00000000e9a00000, 0x00000000e9a00000, 0x00000000e9b00000|  0%| F|  |TAMS 0x00000000e9a00000, 0x00000000e9a00000| Untracked 
| 155|0x00000000e9b00000, 0x00000000e9b00000, 0x00000000e9c00000|  0%| F|  |TAMS 0x00000000e9b00000, 0x00000000e9b00000| Untracked 
| 156|0x00000000e9c00000, 0x00000000e9c00000, 0x00000000e9d00000|  0%| F|  |TAMS 0x00000000e9c00000, 0x00000000e9c00000| Untracked 
| 157|0x00000000e9d00000, 0x00000000e9d00000, 0x00000000e9e00000|  0%| F|  |TAMS 0x00000000e9d00000, 0x00000000e9d00000| Untracked 
| 158|0x00000000e9e00000, 0x00000000e9e00000, 0x00000000e9f00000|  0%| F|  |TAMS 0x00000000e9e00000, 0x00000000e9e00000| Untracked 
| 159|0x00000000e9f00000, 0x00000000e9f00000, 0x00000000ea000000|  0%| F|  |TAMS 0x00000000e9f00000, 0x00000000e9f00000| Untracked 
| 160|0x00000000ea000000, 0x00000000ea000000, 0x00000000ea100000|  0%| F|  |TAMS 0x00000000ea000000, 0x00000000ea000000| Untracked 
| 161|0x00000000ea100000, 0x00000000ea100000, 0x00000000ea200000|  0%| F|  |TAMS 0x00000000ea100000, 0x00000000ea100000| Untracked 
| 162|0x00000000ea200000, 0x00000000ea200000, 0x00000000ea300000|  0%| F|  |TAMS 0x00000000ea200000, 0x00000000ea200000| Untracked 
| 163|0x00000000ea300000, 0x00000000ea300000, 0x00000000ea400000|  0%| F|  |TAMS 0x00000000ea300000, 0x00000000ea300000| Untracked 
| 164|0x00000000ea400000, 0x00000000ea400000, 0x00000000ea500000|  0%| F|  |TAMS 0x00000000ea400000, 0x00000000ea400000| Untracked 
| 165|0x00000000ea500000, 0x00000000ea500000, 0x00000000ea600000|  0%| F|  |TAMS 0x00000000ea500000, 0x00000000ea500000| Untracked 
| 166|0x00000000ea600000, 0x00000000ea600000, 0x00000000ea700000|  0%| F|  |TAMS 0x00000000ea600000, 0x00000000ea600000| Untracked 
| 167|0x00000000ea700000, 0x00000000ea700000, 0x00000000ea800000|  0%| F|  |TAMS 0x00000000ea700000, 0x00000000ea700000| Untracked 
| 168|0x00000000ea800000, 0x00000000ea800000, 0x00000000ea900000|  0%| F|  |TAMS 0x00000000ea800000, 0x00000000ea800000| Untracked 
| 169|0x00000000ea900000, 0x00000000ea900000, 0x00000000eaa00000|  0%| F|  |TAMS 0x00000000ea900000, 0x00000000ea900000| Untracked 
| 170|0x00000000eaa00000, 0x00000000eaa00000, 0x00000000eab00000|  0%| F|  |TAMS 0x00000000eaa00000, 0x00000000eaa00000| Untracked 
| 171|0x00000000eab00000, 0x00000000eab00000, 0x00000000eac00000|  0%| F|  |TAMS 0x00000000eab00000, 0x00000000eab00000| Untracked 
| 172|0x00000000eac00000, 0x00000000eac00000, 0x00000000ead00000|  0%| F|  |TAMS 0x00000000eac00000, 0x00000000eac00000| Untracked 
| 173|0x00000000ead00000, 0x00000000ead00000, 0x00000000eae00000|  0%| F|  |TAMS 0x00000000ead00000, 0x00000000ead00000| Untracked 
| 174|0x00000000eae00000, 0x00000000eae00000, 0x00000000eaf00000|  0%| F|  |TAMS 0x00000000eae00000, 0x00000000eae00000| Untracked 
| 175|0x00000000eaf00000, 0x00000000eaf00000, 0x00000000eb000000|  0%| F|  |TAMS 0x00000000eaf00000, 0x00000000eaf00000| Untracked 
| 176|0x00000000eb000000, 0x00000000eb000000, 0x00000000eb100000|  0%| F|  |TAMS 0x00000000eb000000, 0x00000000eb000000| Untracked 
| 177|0x00000000eb100000, 0x00000000eb100000, 0x00000000eb200000|  0%| F|  |TAMS 0x00000000eb100000, 0x00000000eb100000| Untracked 
| 178|0x00000000eb200000, 0x00000000eb25d330, 0x00000000eb300000| 36%| S|CS|TAMS 0x00000000eb200000, 0x00000000eb200000| Complete 
| 179|0x00000000eb300000, 0x00000000eb400000, 0x00000000eb400000|100%| S|CS|TAMS 0x00000000eb300000, 0x00000000eb300000| Complete 
| 180|0x00000000eb400000, 0x00000000eb500000, 0x00000000eb500000|100%| S|CS|TAMS 0x00000000eb400000, 0x00000000eb400000| Complete 
| 181|0x00000000eb500000, 0x00000000eb600000, 0x00000000eb600000|100%| S|CS|TAMS 0x00000000eb500000, 0x00000000eb500000| Complete 
| 182|0x00000000eb600000, 0x00000000eb700000, 0x00000000eb700000|100%| S|CS|TAMS 0x00000000eb600000, 0x00000000eb600000| Complete 
| 183|0x00000000eb700000, 0x00000000eb800000, 0x00000000eb800000|100%| S|CS|TAMS 0x00000000eb700000, 0x00000000eb700000| Complete 
| 184|0x00000000eb800000, 0x00000000eb900000, 0x00000000eb900000|100%| S|CS|TAMS 0x00000000eb800000, 0x00000000eb800000| Complete 
| 185|0x00000000eb900000, 0x00000000eba00000, 0x00000000eba00000|100%| S|CS|TAMS 0x00000000eb900000, 0x00000000eb900000| Complete 
| 186|0x00000000eba00000, 0x00000000ebb00000, 0x00000000ebb00000|100%| S|CS|TAMS 0x00000000eba00000, 0x00000000eba00000| Complete 
| 187|0x00000000ebb00000, 0x00000000ebc00000, 0x00000000ebc00000|100%| S|CS|TAMS 0x00000000ebb00000, 0x00000000ebb00000| Complete 
| 188|0x00000000ebc00000, 0x00000000ebc00000, 0x00000000ebd00000|  0%| F|  |TAMS 0x00000000ebc00000, 0x00000000ebc00000| Untracked 
| 189|0x00000000ebd00000, 0x00000000ebd00000, 0x00000000ebe00000|  0%| F|  |TAMS 0x00000000ebd00000, 0x00000000ebd00000| Untracked 
| 190|0x00000000ebe00000, 0x00000000ebe00000, 0x00000000ebf00000|  0%| F|  |TAMS 0x00000000ebe00000, 0x00000000ebe00000| Untracked 
| 191|0x00000000ebf00000, 0x00000000ebf00000, 0x00000000ec000000|  0%| F|  |TAMS 0x00000000ebf00000, 0x00000000ebf00000| Untracked 
| 192|0x00000000ec000000, 0x00000000ec000000, 0x00000000ec100000|  0%| F|  |TAMS 0x00000000ec000000, 0x00000000ec000000| Untracked 
| 193|0x00000000ec100000, 0x00000000ec100000, 0x00000000ec200000|  0%| F|  |TAMS 0x00000000ec100000, 0x00000000ec100000| Untracked 
| 194|0x00000000ec200000, 0x00000000ec200000, 0x00000000ec300000|  0%| F|  |TAMS 0x00000000ec200000, 0x00000000ec200000| Untracked 
| 195|0x00000000ec300000, 0x00000000ec300000, 0x00000000ec400000|  0%| F|  |TAMS 0x00000000ec300000, 0x00000000ec300000| Untracked 
| 196|0x00000000ec400000, 0x00000000ec400000, 0x00000000ec500000|  0%| F|  |TAMS 0x00000000ec400000, 0x00000000ec400000| Untracked 
| 197|0x00000000ec500000, 0x00000000ec500000, 0x00000000ec600000|  0%| F|  |TAMS 0x00000000ec500000, 0x00000000ec500000| Untracked 
| 198|0x00000000ec600000, 0x00000000ec600000, 0x00000000ec700000|  0%| F|  |TAMS 0x00000000ec600000, 0x00000000ec600000| Untracked 
| 199|0x00000000ec700000, 0x00000000ec700000, 0x00000000ec800000|  0%| F|  |TAMS 0x00000000ec700000, 0x00000000ec700000| Untracked 
| 200|0x00000000ec800000, 0x00000000ec800000, 0x00000000ec900000|  0%| F|  |TAMS 0x00000000ec800000, 0x00000000ec800000| Untracked 
| 201|0x00000000ec900000, 0x00000000ec900000, 0x00000000eca00000|  0%| F|  |TAMS 0x00000000ec900000, 0x00000000ec900000| Untracked 
| 202|0x00000000eca00000, 0x00000000eca00000, 0x00000000ecb00000|  0%| F|  |TAMS 0x00000000eca00000, 0x00000000eca00000| Untracked 
| 203|0x00000000ecb00000, 0x00000000ecb00000, 0x00000000ecc00000|  0%| F|  |TAMS 0x00000000ecb00000, 0x00000000ecb00000| Untracked 
| 204|0x00000000ecc00000, 0x00000000ecc00000, 0x00000000ecd00000|  0%| F|  |TAMS 0x00000000ecc00000, 0x00000000ecc00000| Untracked 
| 205|0x00000000ecd00000, 0x00000000ecd00000, 0x00000000ece00000|  0%| F|  |TAMS 0x00000000ecd00000, 0x00000000ecd00000| Untracked 
| 206|0x00000000ece00000, 0x00000000ece00000, 0x00000000ecf00000|  0%| F|  |TAMS 0x00000000ece00000, 0x00000000ece00000| Untracked 
| 207|0x00000000ecf00000, 0x00000000ecf00000, 0x00000000ed000000|  0%| F|  |TAMS 0x00000000ecf00000, 0x00000000ecf00000| Untracked 
| 208|0x00000000ed000000, 0x00000000ed000000, 0x00000000ed100000|  0%| F|  |TAMS 0x00000000ed000000, 0x00000000ed000000| Untracked 
| 209|0x00000000ed100000, 0x00000000ed100000, 0x00000000ed200000|  0%| F|  |TAMS 0x00000000ed100000, 0x00000000ed100000| Untracked 
| 210|0x00000000ed200000, 0x00000000ed200000, 0x00000000ed300000|  0%| F|  |TAMS 0x00000000ed200000, 0x00000000ed200000| Untracked 
| 211|0x00000000ed300000, 0x00000000ed300000, 0x00000000ed400000|  0%| F|  |TAMS 0x00000000ed300000, 0x00000000ed300000| Untracked 
| 212|0x00000000ed400000, 0x00000000ed400000, 0x00000000ed500000|  0%| F|  |TAMS 0x00000000ed400000, 0x00000000ed400000| Untracked 
| 213|0x00000000ed500000, 0x00000000ed500000, 0x00000000ed600000|  0%| F|  |TAMS 0x00000000ed500000, 0x00000000ed500000| Untracked 
| 214|0x00000000ed600000, 0x00000000ed600000, 0x00000000ed700000|  0%| F|  |TAMS 0x00000000ed600000, 0x00000000ed600000| Untracked 
| 215|0x00000000ed700000, 0x00000000ed700000, 0x00000000ed800000|  0%| F|  |TAMS 0x00000000ed700000, 0x00000000ed700000| Untracked 
| 216|0x00000000ed800000, 0x00000000ed800000, 0x00000000ed900000|  0%| F|  |TAMS 0x00000000ed800000, 0x00000000ed800000| Untracked 
| 217|0x00000000ed900000, 0x00000000ed900000, 0x00000000eda00000|  0%| F|  |TAMS 0x00000000ed900000, 0x00000000ed900000| Untracked 
| 218|0x00000000eda00000, 0x00000000eda00000, 0x00000000edb00000|  0%| F|  |TAMS 0x00000000eda00000, 0x00000000eda00000| Untracked 
| 219|0x00000000edb00000, 0x00000000edb00000, 0x00000000edc00000|  0%| F|  |TAMS 0x00000000edb00000, 0x00000000edb00000| Untracked 
| 220|0x00000000edc00000, 0x00000000edc00000, 0x00000000edd00000|  0%| F|  |TAMS 0x00000000edc00000, 0x00000000edc00000| Untracked 
| 221|0x00000000edd00000, 0x00000000edd00000, 0x00000000ede00000|  0%| F|  |TAMS 0x00000000edd00000, 0x00000000edd00000| Untracked 
| 222|0x00000000ede00000, 0x00000000ede00000, 0x00000000edf00000|  0%| F|  |TAMS 0x00000000ede00000, 0x00000000ede00000| Untracked 
| 223|0x00000000edf00000, 0x00000000edf00000, 0x00000000ee000000|  0%| F|  |TAMS 0x00000000edf00000, 0x00000000edf00000| Untracked 
| 224|0x00000000ee000000, 0x00000000ee000000, 0x00000000ee100000|  0%| F|  |TAMS 0x00000000ee000000, 0x00000000ee000000| Untracked 
| 225|0x00000000ee100000, 0x00000000ee100000, 0x00000000ee200000|  0%| F|  |TAMS 0x00000000ee100000, 0x00000000ee100000| Untracked 
| 226|0x00000000ee200000, 0x00000000ee200000, 0x00000000ee300000|  0%| F|  |TAMS 0x00000000ee200000, 0x00000000ee200000| Untracked 
| 227|0x00000000ee300000, 0x00000000ee300000, 0x00000000ee400000|  0%| F|  |TAMS 0x00000000ee300000, 0x00000000ee300000| Untracked 
| 228|0x00000000ee400000, 0x00000000ee400000, 0x00000000ee500000|  0%| F|  |TAMS 0x00000000ee400000, 0x00000000ee400000| Untracked 
| 229|0x00000000ee500000, 0x00000000ee500000, 0x00000000ee600000|  0%| F|  |TAMS 0x00000000ee500000, 0x00000000ee500000| Untracked 
| 230|0x00000000ee600000, 0x00000000ee600000, 0x00000000ee700000|  0%| F|  |TAMS 0x00000000ee600000, 0x00000000ee600000| Untracked 
| 231|0x00000000ee700000, 0x00000000ee700000, 0x00000000ee800000|  0%| F|  |TAMS 0x00000000ee700000, 0x00000000ee700000| Untracked 
| 232|0x00000000ee800000, 0x00000000ee800000, 0x00000000ee900000|  0%| F|  |TAMS 0x00000000ee800000, 0x00000000ee800000| Untracked 
| 233|0x00000000ee900000, 0x00000000ee900000, 0x00000000eea00000|  0%| F|  |TAMS 0x00000000ee900000, 0x00000000ee900000| Untracked 
| 234|0x00000000eea00000, 0x00000000eea00000, 0x00000000eeb00000|  0%| F|  |TAMS 0x00000000eea00000, 0x00000000eea00000| Untracked 
| 235|0x00000000eeb00000, 0x00000000eeb00000, 0x00000000eec00000|  0%| F|  |TAMS 0x00000000eeb00000, 0x00000000eeb00000| Untracked 
| 236|0x00000000eec00000, 0x00000000eec00000, 0x00000000eed00000|  0%| F|  |TAMS 0x00000000eec00000, 0x00000000eec00000| Untracked 
| 237|0x00000000eed00000, 0x00000000eed00000, 0x00000000eee00000|  0%| F|  |TAMS 0x00000000eed00000, 0x00000000eed00000| Untracked 
| 238|0x00000000eee00000, 0x00000000eee00000, 0x00000000eef00000|  0%| F|  |TAMS 0x00000000eee00000, 0x00000000eee00000| Untracked 
| 239|0x00000000eef00000, 0x00000000eef00000, 0x00000000ef000000|  0%| F|  |TAMS 0x00000000eef00000, 0x00000000eef00000| Untracked 
| 240|0x00000000ef000000, 0x00000000ef000000, 0x00000000ef100000|  0%| F|  |TAMS 0x00000000ef000000, 0x00000000ef000000| Untracked 
| 241|0x00000000ef100000, 0x00000000ef100000, 0x00000000ef200000|  0%| F|  |TAMS 0x00000000ef100000, 0x00000000ef100000| Untracked 
| 242|0x00000000ef200000, 0x00000000ef200000, 0x00000000ef300000|  0%| F|  |TAMS 0x00000000ef200000, 0x00000000ef200000| Untracked 
| 243|0x00000000ef300000, 0x00000000ef300000, 0x00000000ef400000|  0%| F|  |TAMS 0x00000000ef300000, 0x00000000ef300000| Untracked 
| 244|0x00000000ef400000, 0x00000000ef400000, 0x00000000ef500000|  0%| F|  |TAMS 0x00000000ef400000, 0x00000000ef400000| Untracked 
| 245|0x00000000ef500000, 0x00000000ef500000, 0x00000000ef600000|  0%| F|  |TAMS 0x00000000ef500000, 0x00000000ef500000| Untracked 
| 246|0x00000000ef600000, 0x00000000ef600000, 0x00000000ef700000|  0%| F|  |TAMS 0x00000000ef600000, 0x00000000ef600000| Untracked 
| 247|0x00000000ef700000, 0x00000000ef700000, 0x00000000ef800000|  0%| F|  |TAMS 0x00000000ef700000, 0x00000000ef700000| Untracked 
| 248|0x00000000ef800000, 0x00000000ef800000, 0x00000000ef900000|  0%| F|  |TAMS 0x00000000ef800000, 0x00000000ef800000| Untracked 
| 249|0x00000000ef900000, 0x00000000ef900000, 0x00000000efa00000|  0%| F|  |TAMS 0x00000000ef900000, 0x00000000ef900000| Untracked 
| 250|0x00000000efa00000, 0x00000000efa00000, 0x00000000efb00000|  0%| F|  |TAMS 0x00000000efa00000, 0x00000000efa00000| Untracked 
| 251|0x00000000efb00000, 0x00000000efb00000, 0x00000000efc00000|  0%| F|  |TAMS 0x00000000efb00000, 0x00000000efb00000| Untracked 
| 252|0x00000000efc00000, 0x00000000efc00000, 0x00000000efd00000|  0%| F|  |TAMS 0x00000000efc00000, 0x00000000efc00000| Untracked 
| 253|0x00000000efd00000, 0x00000000efd00000, 0x00000000efe00000|  0%| F|  |TAMS 0x00000000efd00000, 0x00000000efd00000| Untracked 
| 254|0x00000000efe00000, 0x00000000efe00000, 0x00000000eff00000|  0%| F|  |TAMS 0x00000000efe00000, 0x00000000efe00000| Untracked 
| 255|0x00000000eff00000, 0x00000000eff00000, 0x00000000f0000000|  0%| F|  |TAMS 0x00000000eff00000, 0x00000000eff00000| Untracked 

Card table byte_map: [0x000001e3f9910000,0x000001e3f9a10000] _byte_map_base: 0x000001e3f9210000

Marking Bits (Prev, Next): (CMBitMap*) 0x000001e3f9860ae8, (CMBitMap*) 0x000001e3f9860b20
 Prev Bits: [0x000001e3f9b10000, 0x000001e3fa310000)
 Next Bits: [0x000001e3fa310000, 0x000001e3fab10000)

Polling page: 0x000001e3f76f0000

Metaspace:

Usage:
  Non-class:     35.81 MB capacity,    35.25 MB ( 98%) used,   484.13 KB (  1%) free+waste,    86.38 KB ( <1%) overhead. 
      Class:      5.55 MB capacity,     5.19 MB ( 94%) used,   323.20 KB (  6%) free+waste,    42.06 KB ( <1%) overhead. 
       Both:     41.36 MB capacity,    40.45 MB ( 98%) used,   807.33 KB (  2%) free+waste,   128.44 KB ( <1%) overhead. 

Virtual space:
  Non-class space:       44.00 MB reserved,      35.87 MB ( 82%) committed 
      Class space:      248.00 MB reserved,       5.63 MB (  2%) committed 
             Both:      292.00 MB reserved,      41.50 MB ( 14%) committed 

Chunk freelists:
   Non-Class:  7.63 KB
       Class:  1.63 KB
        Both:  9.25 KB

CodeHeap 'non-profiled nmethods': size=120064Kb used=1350Kb max_used=1350Kb free=118713Kb
 bounds [0x000001e38fe90000, 0x000001e390100000, 0x000001e3973d0000]
CodeHeap 'profiled nmethods': size=120000Kb used=6724Kb max_used=6724Kb free=113275Kb
 bounds [0x000001e388960000, 0x000001e389000000, 0x000001e38fe90000]
CodeHeap 'non-nmethods': size=5696Kb used=2200Kb max_used=2231Kb free=3495Kb
 bounds [0x000001e3883d0000, 0x000001e388640000, 0x000001e388960000]
 total_blobs=3937 nmethods=3180 adapters=667
 compilation: enabled
              stopped_count=0, restarted_count=0
 full_count=0

Compilation events (10 events):
Event: 9.254 Thread 0x000001e3fd141800 3183       1       com.google.common.collect.LinkedHashMultimap$ValueEntry::getSuccessorInValueSet (5 bytes)
Event: 9.255 Thread 0x000001e3fd141800 nmethod 3183 0x000001e38ffe1310 code [0x000001e38ffe14a0, 0x000001e38ffe1558]
Event: 9.257 Thread 0x000001e3fd141800 3186       3       java.util.concurrent.atomic.AtomicLong::compareAndSet (13 bytes)
Event: 9.258 Thread 0x000001e3fd141800 nmethod 3186 0x000001e388feed10 code [0x000001e388feeea0, 0x000001e388feefb8]
Event: 9.269 Thread 0x000001e3fd141800 3187       3       java.util.LinkedHashMap::<init> (16 bytes)
Event: 9.270 Thread 0x000001e3fd141800 nmethod 3187 0x000001e388fef090 code [0x000001e388fef260, 0x000001e388fef4c8]
Event: 9.270 Thread 0x000001e3fd141800 3188       3       sun.reflect.annotation.AnnotationParser::annotationForMap (16 bytes)
Event: 9.270 Thread 0x000001e3fd141800 nmethod 3188 0x000001e388fef610 code [0x000001e388fef7e0, 0x000001e388fefbc8]
Event: 9.270 Thread 0x000001e3fd141800 3189       3       sun.reflect.annotation.AnnotationParser$1::<init> (15 bytes)
Event: 9.270 Thread 0x000001e3fd141800 nmethod 3189 0x000001e388fefd10 code [0x000001e388fefec0, 0x000001e388ff00d8]

GC Heap History (10 events):
Event: 2.483 GC heap before
{Heap before GC invocations=2 (full 0):
 garbage-first heap   total 262144K, used 35638K [0x00000000e0000000, 0x0000000100000000)
  region size 1024K, 28 young (28672K), 1 survivors (1024K)
 Metaspace       used 10678K, capacity 10901K, committed 11264K, reserved 264192K
  class space    used 1104K, capacity 1164K, committed 1280K, reserved 253952K
}
Event: 2.490 GC heap after
{Heap after GC invocations=3 (full 0):
 garbage-first heap   total 262144K, used 12985K [0x00000000e0000000, 0x0000000100000000)
  region size 1024K, 4 young (4096K), 4 survivors (4096K)
 Metaspace       used 10678K, capacity 10901K, committed 11264K, reserved 264192K
  class space    used 1104K, capacity 1164K, committed 1280K, reserved 253952K
}
Event: 4.623 GC heap before
{Heap before GC invocations=3 (full 0):
 garbage-first heap   total 262144K, used 52921K [0x00000000e0000000, 0x0000000100000000)
  region size 1024K, 43 young (44032K), 4 survivors (4096K)
 Metaspace       used 18201K, capacity 18605K, committed 18688K, reserved 270336K
  class space    used 2162K, capacity 2296K, committed 2304K, reserved 253952K
}
Event: 4.635 GC heap after
{Heap after GC invocations=4 (full 0):
 garbage-first heap   total 262144K, used 16271K [0x00000000e0000000, 0x0000000100000000)
  region size 1024K, 4 young (4096K), 4 survivors (4096K)
 Metaspace       used 18201K, capacity 18605K, committed 18688K, reserved 270336K
  class space    used 2162K, capacity 2296K, committed 2304K, reserved 253952K
}
Event: 5.051 GC heap before
{Heap before GC invocations=4 (full 0):
 garbage-first heap   total 262144K, used 33679K [0x00000000e0000000, 0x0000000100000000)
  region size 1024K, 22 young (22528K), 4 survivors (4096K)
 Metaspace       used 20621K, capacity 21167K, committed 21296K, reserved 274432K
  class space    used 2512K, capacity 2688K, committed 2688K, reserved 253952K
}
Event: 5.063 GC heap after
{Heap after GC invocations=5 (full 0):
 garbage-first heap   total 262144K, used 16783K [0x00000000e0000000, 0x0000000100000000)
  region size 1024K, 4 young (4096K), 4 survivors (4096K)
 Metaspace       used 20621K, capacity 21167K, committed 21296K, reserved 274432K
  class space    used 2512K, capacity 2688K, committed 2688K, reserved 253952K
}
Event: 6.475 GC heap before
{Heap before GC invocations=6 (full 0):
 garbage-first heap   total 262144K, used 76175K [0x00000000e0000000, 0x0000000100000000)
  region size 1024K, 62 young (63488K), 4 survivors (4096K)
 Metaspace       used 26566K, capacity 27204K, committed 27440K, reserved 278528K
  class space    used 3499K, capacity 3706K, committed 3712K, reserved 253952K
}
Event: 6.489 GC heap after
{Heap after GC invocations=7 (full 0):
 garbage-first heap   total 262144K, used 18731K [0x00000000e0000000, 0x0000000100000000)
  region size 1024K, 6 young (6144K), 6 survivors (6144K)
 Metaspace       used 26566K, capacity 27204K, committed 27440K, reserved 278528K
  class space    used 3499K, capacity 3706K, committed 3712K, reserved 253952K
}
Event: 7.834 GC heap before
{Heap before GC invocations=7 (full 0):
 garbage-first heap   total 262144K, used 63787K [0x00000000e0000000, 0x0000000100000000)
  region size 1024K, 52 young (53248K), 6 survivors (6144K)
 Metaspace       used 34963K, capacity 35653K, committed 35708K, reserved 286720K
  class space    used 4570K, capacity 4861K, committed 4864K, reserved 253952K
}
Event: 7.853 GC heap after
{Heap after GC invocations=8 (full 0):
 garbage-first heap   total 262144K, used 22125K [0x00000000e0000000, 0x0000000100000000)
  region size 1024K, 9 young (9216K), 9 survivors (9216K)
 Metaspace       used 34963K, capacity 35653K, committed 35708K, reserved 286720K
  class space    used 4570K, capacity 4861K, committed 4864K, reserved 253952K
}

Deoptimization events (10 events):
Event: 8.202 Thread 0x000001e3977ff000 Uncommon trap: reason=class_check action=maybe_recompile pc=0x000001e38ff4d0a8 method=java.util.Collections$SetFromMap.remove(Ljava/lang/Object;)Z @ 5 c2
Event: 8.393 Thread 0x000001e3977ff000 Uncommon trap: reason=unstable_if action=reinterpret pc=0x000001e38ff669fc method=java.util.HashMap.putVal(ILjava/lang/Object;Ljava/lang/Object;ZZ)Ljava/lang/Object; @ 162 c2
Event: 8.502 Thread 0x000001e3977ff000 Uncommon trap: reason=unstable_if action=reinterpret pc=0x000001e38ffacdb0 method=java.util.Arrays.hashCode([Ljava/lang/Object;)I @ 34 c2
Event: 8.797 Thread 0x000001e3977ff000 Uncommon trap: reason=unstable_if action=reinterpret pc=0x000001e38ffaf94c method=java.util.HashMap.getNode(ILjava/lang/Object;)Ljava/util/HashMap$Node; @ 53 c2
Event: 8.797 Thread 0x000001e3977ff000 Uncommon trap: reason=unstable_if action=reinterpret pc=0x000001e38febb0f4 method=java.util.HashMap.hash(Ljava/lang/Object;)I @ 1 c2
Event: 8.804 Thread 0x000001e3977ff000 Uncommon trap: reason=unstable_if action=reinterpret pc=0x000001e38ffca458 method=org.gradle.internal.reflect.PropertyAccessorType.isGetGetterName(Ljava/lang/String;)Z @ 14 c2
Event: 8.842 Thread 0x000001e3977ff000 Uncommon trap: reason=unstable_if action=reinterpret pc=0x000001e38ff8b008 method=org.objectweb.asm.ByteVector.putShort(I)Lorg/objectweb/asm/ByteVector; @ 13 c2
Event: 8.868 Thread 0x000001e3977ff000 Uncommon trap: reason=unstable_if action=reinterpret pc=0x000001e38ffd26dc method=java.util.concurrent.ConcurrentHashMap.computeIfAbsent(Ljava/lang/Object;Ljava/util/function/Function;)Ljava/lang/Object; @ 123 c2
Event: 9.031 Thread 0x000001e3977ff000 Uncommon trap: reason=bimorphic_or_optimized_type_check action=maybe_recompile pc=0x000001e38ff7f878 method=com.google.common.base.CharMatcher.indexIn(Ljava/lang/CharSequence;I)I @ 31 c2
Event: 9.035 Thread 0x000001e3977ff000 Uncommon trap: reason=bimorphic_or_optimized_type_check action=maybe_recompile pc=0x000001e38ff7f878 method=com.google.common.base.CharMatcher.indexIn(Ljava/lang/CharSequence;I)I @ 31 c2

Classes redefined (0 events):
No events

Internal exceptions (10 events):
Event: 9.029 Thread 0x000001e3977ff000 Exception <a 'java/lang/ClassNotFoundException'{0x00000000ec7f5740}: org/gradle/plugin/use/internal/PluginRequestCollector$PluginDependenciesSpecImplCustomizer> (0x00000000ec7f5740) thrown at [./open/src/hotspot/share/classfile/systemDictionary.cpp, line 
Event: 9.108 Thread 0x000001e3977ff000 Exception <a 'java/lang/NoSuchMethodError'{0x00000000ec3d16f0}: java.lang.invoke.DirectMethodHandle$Holder.invokeStaticInit(Ljava/lang/Object;Ljava/lang/Object;Ljava/lang/Object;Ljava/lang/Object;)I> (0x00000000ec3d16f0) thrown at [./open/src/hotspot/shar
Event: 9.117 Thread 0x000001e3977ff000 Exception <a 'java/lang/NoSuchMethodError'{0x00000000ec3ebfe8}: java.lang.invoke.DirectMethodHandle$Holder.invokeInterface(Ljava/lang/Object;Ljava/lang/Object;)V> (0x00000000ec3ebfe8) thrown at [./open/src/hotspot/share/interpreter/linkResolver.cpp, line 
Event: 9.186 Thread 0x000001e3977ff000 Exception <a 'java/lang/NoSuchMethodError'{0x00000000ec0c7510}: java.lang.invoke.DelegatingMethodHandle$Holder.reinvoke_L(Ljava/lang/Object;Ljava/lang/Object;Ljava/lang/Object;Ljava/lang/Object;Ljava/lang/Object;Ljava/lang/Object;Ljava/lang/Object;Ljava/l
Event: 9.187 Thread 0x000001e3977ff000 Exception <a 'java/lang/NoSuchMethodError'{0x00000000ec0d2808}: java.lang.invoke.DirectMethodHandle$Holder.invokeSpecial(Ljava/lang/Object;Ljava/lang/Object;Ljava/lang/Object;Ljava/lang/Object;Ljava/lang/Object;Ljava/lang/Object;Ljava/lang/Object;Ljava/la
Event: 9.188 Thread 0x000001e3977ff000 Exception <a 'java/lang/NoSuchMethodError'{0x00000000ec0d8298}: java.lang.invoke.Invokers$Holder.invoker(Ljava/lang/Object;Ljava/lang/Object;Ljava/lang/Object;Ljava/lang/Object;Ljava/lang/Object;Ljava/lang/Object;Ljava/lang/Object;Ljava/lang/Object;Ljava/
Event: 9.188 Thread 0x000001e3977ff000 Exception <a 'java/lang/NoSuchMethodError'{0x00000000ec0deec8}: java.lang.invoke.DelegatingMethodHandle$Holder.delegate(Ljava/lang/Object;Ljava/lang/Object;Ljava/lang/Object;Ljava/lang/Object;Ljava/lang/Object;Ljava/lang/Object;Ljava/lang/Object;Ljava/lan
Event: 9.198 Thread 0x000001e3977ff000 Exception <a 'java/lang/NoSuchMethodError'{0x00000000ebf25bb8}: java.lang.invoke.DirectMethodHandle$Holder.invokeStatic(Ljava/lang/Object;Ljava/lang/Object;Ljava/lang/Object;Ljava/lang/Object;Ljava/lang/Object;Ljava/lang/Object;Ljava/lang/Object;Ljava/lan
Event: 9.201 Thread 0x000001e3977ff000 Exception <a 'java/lang/NoSuchMethodError'{0x00000000ebf35d20}: java.lang.invoke.DirectMethodHandle$Holder.invokeStatic(Ljava/lang/Object;Ljava/lang/Object;Ljava/lang/Object;Ljava/lang/Object;Ljava/lang/Object;Ljava/lang/Object;Ljava/lang/Object;Ljava/lan
Event: 9.203 Thread 0x000001e3977ff000 Exception <a 'java/lang/NoSuchMethodError'{0x00000000ebf45d10}: java.lang.invoke.DelegatingMethodHandle$Holder.reinvoke_L(Ljava/lang/Object;Ljava/lang/Object;Ljava/lang/Object;Ljava/lang/Object;Ljava/lang/Object;Ljava/lang/Object;Ljava/lang/Object;Ljava/l

Events (10 events):
Event: 9.262 loading class org/gradle/api/tasks/compile/AbstractCompile
Event: 9.262 loading class org/gradle/api/tasks/compile/AbstractCompile done
Event: 9.263 loading class org/gradle/api/tasks/SourceTask
Event: 9.263 loading class org/gradle/api/tasks/SourceTask done
Event: 9.264 loading class org/gradle/api/tasks/compile/JavaCompile
Event: 9.264 loading class org/gradle/api/tasks/compile/JavaCompile done
Event: 9.266 loading class org/gradle/api/internal/tasks/compile/HasCompileOptions
Event: 9.266 loading class org/gradle/api/internal/tasks/compile/HasCompileOptions done
Event: 9.267 loading class org/gradle/api/tasks/javadoc/Javadoc
Event: 9.267 loading class org/gradle/api/tasks/javadoc/Javadoc done


Dynamic libraries:
0x00007ff648a30000 - 0x00007ff648a3f000 	C:\Program Files\Java\jdk-11.0.11\bin\java.exe
0x00007ffed1f60000 - 0x00007ffed2150000 	C:\Windows\SYSTEM32\ntdll.dll
0x00007ffed0cc0000 - 0x00007ffed0d72000 	C:\Windows\System32\KERNEL32.DLL
0x00007ffecf1d0000 - 0x00007ffecf473000 	C:\Windows\System32\KERNELBASE.dll
0x00007ffecf760000 - 0x00007ffecf85a000 	C:\Windows\System32\ucrtbase.dll
0x00007ffecb790000 - 0x00007ffecb7a8000 	C:\Program Files\Java\jdk-11.0.11\bin\jli.dll
0x00007ffed1c60000 - 0x00007ffed1d03000 	C:\Windows\System32\ADVAPI32.dll
0x00007ffed0aa0000 - 0x00007ffed0b3e000 	C:\Windows\System32\msvcrt.dll
0x00007ffec9140000 - 0x00007ffec9155000 	C:\Program Files\Java\jdk-11.0.11\bin\VCRUNTIME140.dll
0x00007ffed01b0000 - 0x00007ffed0247000 	C:\Windows\System32\sechost.dll
0x00007ffed0090000 - 0x00007ffed01b0000 	C:\Windows\System32\RPCRT4.dll
0x00007ffed0eb0000 - 0x00007ffed1044000 	C:\Windows\System32\USER32.dll
0x00007ffec1160000 - 0x00007ffec13e5000 	C:\Windows\WinSxS\amd64_microsoft.windows.common-controls_6595b64144ccf1df_6.0.18362.418_none_e6c6b287130d565d\COMCTL32.dll
0x00007ffecf0a0000 - 0x00007ffecf0c1000 	C:\Windows\System32\win32u.dll
0x00007ffed10d0000 - 0x00007ffed10f6000 	C:\Windows\System32\GDI32.dll
0x00007ffecf520000 - 0x00007ffecf6b4000 	C:\Windows\System32\gdi32full.dll
0x00007ffecf6c0000 - 0x00007ffecf75e000 	C:\Windows\System32\msvcp_win.dll
0x00007ffed0250000 - 0x00007ffed0586000 	C:\Windows\System32\combase.dll
0x00007ffecf4a0000 - 0x00007ffecf520000 	C:\Windows\System32\bcryptPrimitives.dll
0x00007ffec5420000 - 0x00007ffec542a000 	C:\Windows\SYSTEM32\VERSION.dll
0x00007ffed08b0000 - 0x00007ffed08de000 	C:\Windows\System32\IMM32.DLL
0x00007ffeb0a50000 - 0x00007ffeb0aeb000 	C:\Program Files\Java\jdk-11.0.11\bin\msvcp140.dll
0x00007ffea41a0000 - 0x00007ffea4c9e000 	C:\Program Files\Java\jdk-11.0.11\bin\server\jvm.dll
0x00007ffecbaf0000 - 0x00007ffecbb14000 	C:\Windows\SYSTEM32\WINMM.dll
0x00007ffed08a0000 - 0x00007ffed08a8000 	C:\Windows\System32\PSAPI.DLL
0x00007ffec9060000 - 0x00007ffec9069000 	C:\Windows\SYSTEM32\WSOCK32.dll
0x00007ffecbac0000 - 0x00007ffecbaed000 	C:\Windows\SYSTEM32\WINMMBASE.dll
0x00007ffed1e50000 - 0x00007ffed1ebf000 	C:\Windows\System32\WS2_32.dll
0x00007ffecf0d0000 - 0x00007ffecf11a000 	C:\Windows\System32\cfgmgr32.dll
0x00007ffeceed0000 - 0x00007ffeceee1000 	C:\Windows\System32\kernel.appcore.dll
0x00007ffecb780000 - 0x00007ffecb790000 	C:\Program Files\Java\jdk-11.0.11\bin\verify.dll
0x00007ffec8d40000 - 0x00007ffec8f34000 	C:\Windows\SYSTEM32\DBGHELP.DLL
0x00007ffec8d10000 - 0x00007ffec8d3a000 	C:\Windows\SYSTEM32\dbgcore.DLL
0x00007ffec6cb0000 - 0x00007ffec6cd8000 	C:\Program Files\Java\jdk-11.0.11\bin\java.dll
0x00007ffecb690000 - 0x00007ffecb69a000 	C:\Program Files\Java\jdk-11.0.11\bin\jimage.dll
0x00007ffec8f60000 - 0x00007ffec8f76000 	C:\Program Files\Java\jdk-11.0.11\bin\zip.dll
0x00007ffed1570000 - 0x00007ffed1c55000 	C:\Windows\System32\SHELL32.dll
0x00007ffed0e00000 - 0x00007ffed0ea9000 	C:\Windows\System32\shcore.dll
0x00007ffecf890000 - 0x00007ffed000f000 	C:\Windows\System32\windows.storage.dll
0x00007ffecee60000 - 0x00007ffecee7f000 	C:\Windows\System32\profapi.dll
0x00007ffecee80000 - 0x00007ffeceeca000 	C:\Windows\System32\powrprof.dll
0x00007ffecee30000 - 0x00007ffecee40000 	C:\Windows\System32\UMPDC.dll
0x00007ffed0da0000 - 0x00007ffed0df2000 	C:\Windows\System32\shlwapi.dll
0x00007ffecf480000 - 0x00007ffecf497000 	C:\Windows\System32\cryptsp.dll
0x00007ffec5490000 - 0x00007ffec54a9000 	C:\Program Files\Java\jdk-11.0.11\bin\net.dll
0x00007ffec18d0000 - 0x00007ffec19c0000 	C:\Windows\SYSTEM32\WINHTTP.dll
0x00007ffece6a0000 - 0x00007ffece707000 	C:\Windows\system32\mswsock.dll
0x00007ffebff50000 - 0x00007ffebff62000 	C:\Program Files\Java\jdk-11.0.11\bin\nio.dll
0x00007ffebffd0000 - 0x00007ffebfff7000 	C:\Users\Shweta\.gradle\native\fdc75f09e3144964f2cf3f50f0aa648679c211496f362492102eb8c894070792\windows-amd64\native-platform.dll
0x00007ffea6190000 - 0x00007ffea6326000 	C:\Users\Shweta\.gradle\native\12488b8bf47d2d4c9fbf2f6322a914ad602e24e48041cd04a747c6da556b65c4\windows-amd64\native-platform-file-events.dll
0x00007ffec8c20000 - 0x00007ffec8c29000 	C:\Program Files\Java\jdk-11.0.11\bin\management.dll
0x00007ffec84d0000 - 0x00007ffec84db000 	C:\Program Files\Java\jdk-11.0.11\bin\management_ext.dll
0x00007ffece210000 - 0x00007ffece243000 	C:\Windows\system32\rsaenh.dll
0x00007ffecf860000 - 0x00007ffecf886000 	C:\Windows\System32\bcrypt.dll
0x00007ffeced50000 - 0x00007ffeced75000 	C:\Windows\SYSTEM32\USERENV.dll
0x00007ffece870000 - 0x00007ffece87c000 	C:\Windows\SYSTEM32\CRYPTBASE.dll
0x00007ffece3b0000 - 0x00007ffece3ea000 	C:\Windows\SYSTEM32\IPHLPAPI.DLL
0x00007ffed0660000 - 0x00007ffed0668000 	C:\Windows\System32\NSI.dll
0x00007ffec55e0000 - 0x00007ffec55f6000 	C:\Windows\SYSTEM32\dhcpcsvc6.DLL
0x00007ffec5620000 - 0x00007ffec563c000 	C:\Windows\SYSTEM32\dhcpcsvc.DLL
0x00007ffece3f0000 - 0x00007ffece4ba000 	C:\Windows\SYSTEM32\DNSAPI.dll
0x00007ffec5cc0000 - 0x00007ffec5ccb000 	C:\Windows\SYSTEM32\WINNSI.DLL

dbghelp: loaded successfully - version: 4.0.5 - missing functions: none
symbol engine: initialized successfully - sym options: 0x614 - pdb path: .;C:\Program Files\Java\jdk-11.0.11\bin;C:\Windows\SYSTEM32;C:\Windows\WinSxS\amd64_microsoft.windows.common-controls_6595b64144ccf1df_6.0.18362.418_none_e6c6b287130d565d;C:\Program Files\Java\jdk-11.0.11\bin\server;C:\Users\Shweta\.gradle\native\fdc75f09e3144964f2cf3f50f0aa648679c211496f362492102eb8c894070792\windows-amd64;C:\Users\Shweta\.gradle\native\12488b8bf47d2d4c9fbf2f6322a914ad602e24e48041cd04a747c6da556b65c4\windows-amd64

VM Arguments:
jvm_args: --add-opens=java.base/java.util=ALL-UNNAMED --add-opens=java.base/java.lang=ALL-UNNAMED --add-opens=java.base/java.lang.invoke=ALL-UNNAMED --add-opens=java.prefs/java.util.prefs=ALL-UNNAMED -XX:MaxMetaspaceSize=256m -XX:+HeapDumpOnOutOfMemoryError -Xms256m -Xmx512m -Dfile.encoding=windows-1252 -Duser.country=US -Duser.language=en -Duser.variant 
java_command: org.gradle.launcher.daemon.bootstrap.GradleDaemon 6.8
java_class_path (initial): C:\Users\Shweta\.gradle\wrapper\dists\gradle-6.8-bin\1jblhjyydfkclfzx1agp92nyl\gradle-6.8\lib\gradle-launcher-6.8.jar
Launcher Type: SUN_STANDARD

[Global flags]
     intx CICompilerCount                          = 3                                         {product} {ergonomic}
   size_t CompressedClassSpaceSize                 = 260046848                                 {product} {ergonomic}
     uint ConcGCThreads                            = 1                                         {product} {ergonomic}
     uint G1ConcRefinementThreads                  = 4                                         {product} {ergonomic}
   size_t G1HeapRegionSize                         = 1048576                                   {product} {ergonomic}
    uintx GCDrainStackTargetSize                   = 64                                        {product} {ergonomic}
     bool HeapDumpOnOutOfMemoryError               = true                                   {manageable} {command line}
   size_t InitialHeapSize                          = 268435456                                 {product} {command line}
   size_t MarkStackSize                            = 4194304                                   {product} {ergonomic}
   size_t MaxHeapSize                              = 536870912                                 {product} {command line}
   size_t MaxMetaspaceSize                         = 268435456                                 {product} {command line}
   size_t MaxNewSize                               = 321912832                                 {product} {ergonomic}
   size_t MinHeapDeltaBytes                        = 1048576                                   {product} {ergonomic}
    uintx NonNMethodCodeHeapSize                   = 5830732                                {pd product} {ergonomic}
    uintx NonProfiledCodeHeapSize                  = 122913754                              {pd product} {ergonomic}
    uintx ProfiledCodeHeapSize                     = 122913754                              {pd product} {ergonomic}
    uintx ReservedCodeCacheSize                    = 251658240                              {pd product} {ergonomic}
     bool SegmentedCodeCache                       = true                                      {product} {ergonomic}
     bool UseCompressedClassPointers               = true                                 {lp64_product} {ergonomic}
     bool UseCompressedOops                        = true                                 {lp64_product} {ergonomic}
     bool UseG1GC                                  = true                                      {product} {ergonomic}
     bool UseLargePagesIndividualAllocation        = false                                  {pd product} {ergonomic}

Logging:
Log output configuration:
 #0: stdout all=warning uptime,level,tags
 #1: stderr all=off uptime,level,tags

Environment Variables:
JAVA_HOME=C:\Program Files\Java\jdk-11.0.11
PATH=C:\Windows\system32;C:\Windows;C:\Windows\System32\Wbem;C:\Windows\System32\WindowsPowerShell\v1.0\;C:\Windows\System32\OpenSSH\;C:\Program Files\Git\cmd;C:\Program Files\Java\jdk-11.0.11\bin;C:\Program Files\MySQL\MySQL Shell 8.0\bin\;C:\Users\Shweta\AppData\Local\Microsoft\WindowsApps;;C:\Program Files\JetBrains\IntelliJ IDEA Community Edition 2021.1.2\bin;
USERNAME=Shweta
OS=Windows_NT
PROCESSOR_IDENTIFIER=Intel64 Family 6 Model 69 Stepping 1, GenuineIntel



---------------  S Y S T E M  ---------------

OS: Windows 10 , 64 bit Build 18362 (10.0.18362.329)

CPU:total 4 (initial active 4) (2 cores per cpu, 2 threads per core) family 6 model 69 stepping 1 microcode 0x24, cmov, cx8, fxsr, mmx, sse, sse2, sse3, ssse3, sse4.1, sse4.2, popcnt, avx, avx2, aes, clmul, erms, lzcnt, ht, tsc, tscinvbit, bmi1, bmi2, fma

Memory: 4k page, system-wide physical 3999M (6M free)
TotalPageFile size 6344M (AvailPageFile size 4M)
current process WorkingSet (physical memory assigned to process): 196M, peak: 199M
current process commit charge ("private bytes"): 426M, peak: 427M

vm_info: Java HotSpot(TM) 64-Bit Server VM (11.0.11+9-LTS-194) for windows-amd64 JRE (11.0.11+9-LTS-194), built on Mar 18 2021 18:46:53 by "mach5one" with MS VC++ 15.9 (VS2017)

END.
