#
# There is insufficient memory for the Java Runtime Environment to continue.
# Native memory allocation (malloc) failed to allocate 1048576 bytes for AllocateHeap
# Possible reasons:
#   The system is out of physical RAM or swap space
#   The process is running with CompressedOops enabled, and the Java Heap may be blocking the growth of the native heap
# Possible solutions:
#   Reduce memory load on the system
#   Increase physical memory or swap space
#   Check if swap backing store is full
#   Decrease Java heap size (-Xmx/-Xms)
#   Decrease number of Java threads
#   Decrease Java thread stack sizes (-Xss)
#   Set larger code cache with -XX:ReservedCodeCacheSize=
# This output file may be truncated or incomplete.
#
#  Out of Memory Error (./open/src/hotspot/share/memory/allocation.cpp:46), pid=7940, tid=7460
#
# JRE version:  (11.0.11+9) (build )
# Java VM: Java HotSpot(TM) 64-Bit Server VM (11.0.11+9-LTS-194, mixed mode, sharing, tiered, compressed oops, g1 gc, windows-amd64)
# No core dump will be written. Minidumps are not enabled by default on client versions of Windows
#

---------------  S U M M A R Y ------------

Command Line: -Dorg.gradle.native=false -Xmx512m -Dfile.encoding=windows-1252 -Duser.country=US -Duser.language=en -Duser.variant -ea worker.org.gradle.process.internal.worker.GradleWorkerMain 'Gradle Test Executor 1'

Host: Intel(R) Core(TM) i3-4005U CPU @ 1.70GHz, 4 cores, 3G,  Windows 10 , 64 bit Build 18362 (10.0.18362.329)
Time: Sun Jun 27 22:39:03 2021 India Standard Time elapsed time: 0.012853 seconds (0d 0h 0m 0s)

---------------  T H R E A D  ---------------

Current thread (0x0000027afab79000):  JavaThread "Unknown thread" [_thread_in_vm, id=7460, stack(0x000000deb4f00000,0x000000deb5000000)]

Stack: [0x000000deb4f00000,0x000000deb5000000]
Native frames: (J=compiled Java code, j=interpreted, Vv=VM code, C=native code)
V  [jvm.dll+0x616f2a]
V  [jvm.dll+0x74de7f]
V  [jvm.dll+0x74f505]
V  [jvm.dll+0x74fb83]
V  [jvm.dll+0x2436d8]
V  [jvm.dll+0xb13b4]
V  [jvm.dll+0x2dc4b2]
V  [jvm.dll+0x2d6729]
V  [jvm.dll+0x7299e7]
V  [jvm.dll+0x72b28f]
V  [jvm.dll+0x34bd39]
V  [jvm.dll+0x70f360]
V  [jvm.dll+0x3b50df]
V  [jvm.dll+0x3b71e1]
C  [jli.dll+0x520b]
C  [ucrtbase.dll+0x20e72]
C  [KERNEL32.DLL+0x17bd4]
C  [ntdll.dll+0x6ced1]


---------------  P R O C E S S  ---------------

Threads class SMR info:
_java_thread_list=0x0000027af8a470d0, length=0, elements={
}

Java Threads: ( => current thread )

Other Threads:
  0x0000027afab90000 GCTaskThread "GC Thread#0" [stack: 0x000000deb5000000,0x000000deb5100000] [id=8060]

[error occurred during error reporting (printing all threads), id 0xc0000005, EXCEPTION_ACCESS_VIOLATION (0xc0000005) at pc=0x00007ffea4481a70]

VM state:not at safepoint (not fully initialized)

VM Mutex/Monitor currently owned by a thread:  ([mutex/lock_event])
[0x0000027afab75e90] Heap_lock - owner thread: 0x0000027afab79000

Heap address: 0x00000000e0000000, size: 512 MB, Compressed Oops mode: Non-zero based: 0x00000000e0000000
Narrow klass base: 0x0000000000000000, Narrow klass shift: 0

GC Heap History (0 events):
No events

Deoptimization events (0 events):
No events

Classes redefined (0 events):
No events

Internal exceptions (0 events):
No events

Events (0 events):
No events


Dynamic libraries:
0x00007ff648a30000 - 0x00007ff648a3f000 	C:\Program Files\Java\jdk-11.0.11\bin\java.exe
0x00007ffed1f60000 - 0x00007ffed2150000 	C:\Windows\SYSTEM32\ntdll.dll
0x00007ffed0cc0000 - 0x00007ffed0d72000 	C:\Windows\System32\KERNEL32.DLL
0x00007ffecf1d0000 - 0x00007ffecf473000 	C:\Windows\System32\KERNELBASE.dll
0x00007ffecf760000 - 0x00007ffecf85a000 	C:\Windows\System32\ucrtbase.dll
0x00007ffec8f60000 - 0x00007ffec8f78000 	C:\Program Files\Java\jdk-11.0.11\bin\jli.dll
0x00007ffed1c60000 - 0x00007ffed1d03000 	C:\Windows\System32\ADVAPI32.dll
0x00007ffec9140000 - 0x00007ffec9155000 	C:\Program Files\Java\jdk-11.0.11\bin\VCRUNTIME140.dll
0x00007ffed0aa0000 - 0x00007ffed0b3e000 	C:\Windows\System32\msvcrt.dll
0x00007ffed01b0000 - 0x00007ffed0247000 	C:\Windows\System32\sechost.dll
0x00007ffed0090000 - 0x00007ffed01b0000 	C:\Windows\System32\RPCRT4.dll
0x00007ffed0eb0000 - 0x00007ffed1044000 	C:\Windows\System32\USER32.dll
0x00007ffecf0a0000 - 0x00007ffecf0c1000 	C:\Windows\System32\win32u.dll
0x00007ffec1160000 - 0x00007ffec13e5000 	C:\Windows\WinSxS\amd64_microsoft.windows.common-controls_6595b64144ccf1df_6.0.18362.418_none_e6c6b287130d565d\COMCTL32.dll
0x00007ffed0250000 - 0x00007ffed0586000 	C:\Windows\System32\combase.dll
0x00007ffed10d0000 - 0x00007ffed10f6000 	C:\Windows\System32\GDI32.dll
0x00007ffecf520000 - 0x00007ffecf6b4000 	C:\Windows\System32\gdi32full.dll
0x00007ffecf4a0000 - 0x00007ffecf520000 	C:\Windows\System32\bcryptPrimitives.dll
0x00007ffecf6c0000 - 0x00007ffecf75e000 	C:\Windows\System32\msvcp_win.dll
0x00007ffec5420000 - 0x00007ffec542a000 	C:\Windows\SYSTEM32\VERSION.dll
0x00007ffed08b0000 - 0x00007ffed08de000 	C:\Windows\System32\IMM32.DLL
0x00007ffeb0a50000 - 0x00007ffeb0aeb000 	C:\Program Files\Java\jdk-11.0.11\bin\msvcp140.dll
0x00007ffea41a0000 - 0x00007ffea4c9e000 	C:\Program Files\Java\jdk-11.0.11\bin\server\jvm.dll
0x00007ffed08a0000 - 0x00007ffed08a8000 	C:\Windows\System32\PSAPI.DLL
0x00007ffec9060000 - 0x00007ffec9069000 	C:\Windows\SYSTEM32\WSOCK32.dll
0x00007ffecbaf0000 - 0x00007ffecbb14000 	C:\Windows\SYSTEM32\WINMM.dll
0x00007ffed1e50000 - 0x00007ffed1ebf000 	C:\Windows\System32\WS2_32.dll
0x00007ffecbac0000 - 0x00007ffecbaed000 	C:\Windows\SYSTEM32\winmmbase.dll
0x00007ffecf0d0000 - 0x00007ffecf11a000 	C:\Windows\System32\cfgmgr32.dll
0x00007ffeceed0000 - 0x00007ffeceee1000 	C:\Windows\System32\kernel.appcore.dll
0x00007ffecb780000 - 0x00007ffecb790000 	C:\Program Files\Java\jdk-11.0.11\bin\verify.dll
0x00007ffec8d40000 - 0x00007ffec8f34000 	C:\Windows\SYSTEM32\DBGHELP.DLL
0x00007ffec8d10000 - 0x00007ffec8d3a000 	C:\Windows\SYSTEM32\dbgcore.DLL
0x00007ffec6cb0000 - 0x00007ffec6cd8000 	C:\Program Files\Java\jdk-11.0.11\bin\java.dll
0x00007ffecb690000 - 0x00007ffecb69a000 	C:\Program Files\Java\jdk-11.0.11\bin\jimage.dll
0x00007ffec5490000 - 0x00007ffec54a6000 	C:\Program Files\Java\jdk-11.0.11\bin\zip.dll

dbghelp: loaded successfully - version: 4.0.5 - missing functions: none
symbol engine: initialized successfully - sym options: 0x614 - pdb path: .;C:\Program Files\Java\jdk-11.0.11\bin;C:\Windows\SYSTEM32;C:\Windows\WinSxS\amd64_microsoft.windows.common-controls_6595b64144ccf1df_6.0.18362.418_none_e6c6b287130d565d;C:\Program Files\Java\jdk-11.0.11\bin\server

VM Arguments:
jvm_args: -Dorg.gradle.native=false -Xmx512m -Dfile.encoding=windows-1252 -Duser.country=US -Duser.language=en -Duser.variant -ea 
java_command: worker.org.gradle.process.internal.worker.GradleWorkerMain 'Gradle Test Executor 1'
java_class_path (initial): C:\\Users\\Shweta\\.gradle\\caches\\6.8\\workerMain\\gradle-worker.jar;C:\\Users\\Shweta\\IdeaProjects\\IndianCensusAnalyser\\build\\classes\\java\\test;C:\\Users\\Shweta\\IdeaProjects\\IndianCensusAnalyser\\build\\resources\\test;C:\\Users\\Shweta\\IdeaProjects\\IndianCensusAnalyser\\build\\classes\\java\\main;C:\\Users\\Shweta\\IdeaProjects\\IndianCensusAnalyser\\build\\resources\\main;C:\\Users\\Shweta\\.gradle\\caches\\modules-2\\files-2.1\\com.opencsv\\opencsv\\4.0\\2b63c820c41cd1666df42f1ba296da9894961e59\\opencsv-4.0.jar;C:\\Users\\Shweta\\.gradle\\caches\\modules-2\\files-2.1\\junit\\junit\\4.12\\2973d150c0dc1fefe998f834810d68f278ea58ec\\junit-4.12.jar;C:\\Users\\Shweta\\.gradle\\caches\\modules-2\\files-2.1\\org.apache.commons\\commons-text\\1.1\\c336bf600f44b88af356c8a85eef4af822b06a4d\\commons-text-1.1.jar;C:\\Users\\Shweta\\.gradle\\caches\\modules-2\\files-2.1\\org.apache.commons\\commons-lang3\\3.6\\9d28a6b23650e8a7e9063c04588ace6cf7012c17\\commons-lang3-3.6.jar;C:\\Users\\Shweta\\.gradle\\caches\\modules-2\\files-2.1\\commons-beanutils\\commons-beanutils\\1.9.3\\c845703de334ddc6b4b3cd26835458cb1cba1f3d\\commons-beanutils-1.9.3.jar;C:\\Users\\Shweta\\.gradle\\caches\\modules-2\\files-2.1\\org.hamcrest\\hamcrest-core\\1.3\\42a25dc3219429f0e5d060061f71acb49bf010a0\\hamcrest-core-1.3.jar;C:\\Users\\Shweta\\.gradle\\caches\\modules-2\\files-2.1\\commons-logging\\commons-logging\\1.2\\4bfc12adfe4842bf07b657f0369c4cb522955686\\commons-logging-1.2.jar;C:\\Users\\Shweta\\.gradle\\caches\\modules-2\\files-2.1\\commons-collections\\commons-collections\\3.2.2\\8ad72fe39fa8c91eaaf12aadb21e0c3661fe26d5\\commons-collections-3.2.2.jar
Launcher Type: SUN_STANDARD

[Global flags]
     intx CICompilerCount                          = 3                                         {product} {ergonomic}
     uint ConcGCThreads                            = 1                                         {product} {ergonomic}
     uint G1ConcRefinementThreads                  = 4                                         {product} {ergonomic}
   size_t G1HeapRegionSize                         = 1048576                                   {product} {ergonomic}
    uintx GCDrainStackTargetSize                   = 64                                        {product} {ergonomic}
   size_t InitialHeapSize                          = 67108864                                  {product} {ergonomic}
   size_t MarkStackSize                            = 4194304                                   {product} {ergonomic}
   size_t MaxHeapSize                              = 536870912                                 {product} {command line}
   size_t MinHeapDeltaBytes                        = 1048576                                   {product} {ergonomic}
    uintx NonNMethodCodeHeapSize                   = 5830732                                {pd product} {ergonomic}
    uintx NonProfiledCodeHeapSize                  = 122913754                              {pd product} {ergonomic}
    uintx ProfiledCodeHeapSize                     = 122913754                              {pd product} {ergonomic}
    uintx ReservedCodeCacheSize                    = 251658240                              {pd product} {ergonomic}
     bool SegmentedCodeCache                       = true                                      {product} {ergonomic}
     bool UseCompressedClassPointers               = true                                 {lp64_product} {ergonomic}
     bool UseCompressedOops                        = true                                 {lp64_product} {ergonomic}
     bool UseG1GC                                  = true                                      {product} {ergonomic}
     bool UseLargePagesIndividualAllocation        = false                                  {pd product} {ergonomic}

Logging:
Log output configuration:
 #0: stdout all=warning uptime,level,tags
 #1: stderr all=off uptime,level,tags

Environment Variables:
JAVA_HOME=C:\Program Files\Java\jdk-11.0.11
PATH=C:\Windows\system32;C:\Windows;C:\Windows\System32\Wbem;C:\Windows\System32\WindowsPowerShell\v1.0\;C:\Windows\System32\OpenSSH\;C:\Program Files\Git\cmd;C:\Program Files\Java\jdk-11.0.11\bin;C:\Program Files\MySQL\MySQL Shell 8.0\bin\;C:\Users\Shweta\AppData\Local\Microsoft\WindowsApps;;C:\Program Files\JetBrains\IntelliJ IDEA Community Edition 2021.1.2\bin;
USERNAME=Shweta
OS=Windows_NT
PROCESSOR_IDENTIFIER=Intel64 Family 6 Model 69 Stepping 1, GenuineIntel



---------------  S Y S T E M  ---------------

OS: Windows 10 , 64 bit Build 18362 (10.0.18362.329)

CPU:total 4 (initial active 4) (2 cores per cpu, 2 threads per core) family 6 model 69 stepping 1 microcode 0x24, cmov, cx8, fxsr, mmx, sse, sse2, sse3, ssse3, sse4.1, sse4.2, popcnt, avx, avx2, aes, clmul, erms, lzcnt, ht, tsc, tscinvbit, bmi1, bmi2, fma

Memory: 4k page, system-wide physical 3999M (141M free)
TotalPageFile size 6344M (AvailPageFile size 5M)
current process WorkingSet (physical memory assigned to process): 9M, peak: 9M
current process commit charge ("private bytes"): 49M, peak: 50M

vm_info: Java HotSpot(TM) 64-Bit Server VM (11.0.11+9-LTS-194) for windows-amd64 JRE (11.0.11+9-LTS-194), built on Mar 18 2021 18:46:53 by "mach5one" with MS VC++ 15.9 (VS2017)

END.
